This is pdfTeX, Version 3.14159265-2.6-1.40.20 (TeX Live 2019/W32TeX) (preloaded format=pdflatex 2019.8.14)  2 DEC 2019 16:55
entering extended mode
 restricted \write18 enabled.
 file:line:error style messages enabled.
 %&-line parsing enabled.
**ldgba_.tex
(./ldgba_.tex
LaTeX2e <2018-12-01>
(c:/w32tex/share/texmf-dist/tex/latex/standalone/standalone.cls
Document Class: standalone 2018/03/26 v1.3a Class to compile TeX sub-files standalone
(c:/w32tex/share/texmf-dist/tex/latex/tools/shellesc.sty
Package: shellesc 2016/06/07 v0.02a unified shell escape interface for LaTeX
Package shellesc Info: Restricted shell escape enabled on input line 69.
) (c:/w32tex/share/texmf-dist/tex/generic/oberdiek/ifluatex.sty
Package: ifluatex 2016/05/16 v1.4 Provides the ifluatex switch (HO)
Package ifluatex Info: LuaTeX not detected.
) (c:/w32tex/share/texmf-dist/tex/generic/oberdiek/ifpdf.sty
Package: ifpdf 2018/09/07 v3.3 Provides the ifpdf switch
) (c:/w32tex/share/texmf-dist/tex/generic/ifxetex/ifxetex.sty
Package: ifxetex 2010/09/12 v0.6 Provides ifxetex conditional
) (c:/w32tex/share/texmf-dist/tex/latex/xkeyval/xkeyval.sty
Package: xkeyval 2014/12/03 v2.7a package option processing (HA)
 (c:/w32tex/share/texmf-dist/tex/generic/xkeyval/xkeyval.tex (c:/w32tex/share/texmf-dist/tex/generic/xkeyval/xkvutils.tex
\XKV@toks=\toks14
\XKV@tempa@toks=\toks15
 (c:/w32tex/share/texmf-dist/tex/generic/xkeyval/keyval.tex))
\XKV@depth=\count80
File: xkeyval.tex 2014/12/03 v2.7a key=value parser (HA)
))
\sa@internal=\count81
\c@sapage=\count82
 (c:/w32tex/share/texmf-dist/tex/latex/standalone/standalone.cfg
File: standalone.cfg 2018/03/26 v1.3a Default configuration file for 'standalone' class
) (c:/w32tex/share/texmf-dist/tex/latex/base/article.cls
Document Class: article 2018/09/03 v1.4i Standard LaTeX document class
(c:/w32tex/share/texmf-dist/tex/latex/base/size10.clo
File: size10.clo 2018/09/03 v1.4i Standard LaTeX file (size option)
)
\c@part=\count83
\c@section=\count84
\c@subsection=\count85
\c@subsubsection=\count86
\c@paragraph=\count87
\c@subparagraph=\count88
\c@figure=\count89
\c@table=\count90
\abovecaptionskip=\skip41
\belowcaptionskip=\skip42
\bibindent=\dimen102
)
\sa@box=\box27
) (c:/w32tex/share/texmf-dist/tex/latex/xcolor/xcolor.sty
Package: xcolor 2016/05/11 v2.12 LaTeX color extensions (UK)
 (c:/w32tex/share/texmf-dist/tex/latex/graphics-cfg/color.cfg
File: color.cfg 2016/01/02 v1.6 sample color configuration
)
Package xcolor Info: Driver file: pdftex.def on input line 225.
 (c:/w32tex/share/texmf-dist/tex/latex/graphics-def/pdftex.def
File: pdftex.def 2018/01/08 v1.0l Graphics/color driver for pdftex
)
Package xcolor Info: Model `cmy' substituted by `cmy0' on input line 1348.
Package xcolor Info: Model `hsb' substituted by `rgb' on input line 1352.
Package xcolor Info: Model `RGB' extended on input line 1364.
Package xcolor Info: Model `HTML' substituted by `rgb' on input line 1366.
Package xcolor Info: Model `Hsb' substituted by `hsb' on input line 1367.
Package xcolor Info: Model `tHsb' substituted by `hsb' on input line 1368.
Package xcolor Info: Model `HSB' substituted by `hsb' on input line 1369.
Package xcolor Info: Model `Gray' substituted by `gray' on input line 1370.
Package xcolor Info: Model `wave' substituted by `hsb' on input line 1371.
 (c:/w32tex/share/texmf-dist/tex/latex/xcolor/svgnam.def
File: svgnam.def 2016/05/11 v2.12 Predefined colors according to SVG 1.1 (UK)
) (c:/w32tex/share/texmf-dist/tex/latex/xcolor/x11nam.def
File: x11nam.def 2016/05/11 v2.12 Predefined colors according to Unix/X11 (UK)
)) (c:/w32tex/share/texmf-dist/tex/latex/base/inputenc.sty
Package: inputenc 2018/08/11 v1.3c Input encoding file
\inpenc@prehook=\toks16
\inpenc@posthook=\toks17
) (c:/w32tex/share/texmf-dist/tex/latex/pgf/frontendlayer/tikz.sty (c:/w32tex/share/texmf-dist/tex/latex/pgf/basiclayer/pgf.sty (c:/w32tex/share/texmf-dist/tex/latex/pgf/utilities/pgfrcs.sty (c:/w32tex/share/texmf-dist/tex/latex/pgf_3.1.tds/tex/generic/pgf/utilities/pgfutil-common.tex
\pgfutil@everybye=\toks18
\pgfutil@tempdima=\dimen103
\pgfutil@tempdimb=\dimen104
 (c:/w32tex/share/texmf-dist/tex/latex/pgf_3.1.tds/tex/generic/pgf/utilities/pgfutil-common-lists.tex)) (c:/w32tex/share/texmf-dist/tex/latex/pgf_3.1.tds/tex/generic/pgf/utilities/pgfutil-latex.def
\pgfutil@abb=\box28
 (c:/w32tex/share/texmf-dist/tex/latex/ms/everyshi.sty
Package: everyshi 2001/05/15 v3.00 EveryShipout Package (MS)
))
(c:/w32tex/share/texmf-dist/tex/latex/pgf_3.1.tds/tex/generic/pgf/utilities/pgfrcs.code.tex (c:/w32tex/share/texmf-dist/tex/latex/pgf_3.1.tds/tex/generic/pgf/pgf.revision.tex)
Package: pgfrcs 2019/01/05 v3.1 (3.1)
))
Package: pgf 2019/01/05 v3.1 (3.1)
 (c:/w32tex/share/texmf-dist/tex/latex/pgf/basiclayer/pgfcore.sty (c:/w32tex/share/texmf-dist/tex/latex/graphics/graphicx.sty
Package: graphicx 2017/06/01 v1.1a Enhanced LaTeX Graphics (DPC,SPQR)
 (c:/w32tex/share/texmf-dist/tex/latex/graphics/graphics.sty
Package: graphics 2017/06/25 v1.2c Standard LaTeX Graphics (DPC,SPQR)
 (c:/w32tex/share/texmf-dist/tex/latex/graphics/trig.sty
Package: trig 2016/01/03 v1.10 sin cos tan (DPC)
) (c:/w32tex/share/texmf-dist/tex/latex/graphics-cfg/graphics.cfg
File: graphics.cfg 2016/06/04 v1.11 sample graphics configuration
)
Package graphics Info: Driver file: pdftex.def on input line 99.
)
\Gin@req@height=\dimen105
\Gin@req@width=\dimen106
) (c:/w32tex/share/texmf-dist/tex/latex/pgf/systemlayer/pgfsys.sty (c:/w32tex/share/texmf-dist/tex/latex/pgf_3.1.tds/tex/generic/pgf/systemlayer/pgfsys.code.tex
Package: pgfsys 2019/01/05 v3.1 (3.1)
 (c:/w32tex/share/texmf-dist/tex/latex/pgf_3.1.tds/tex/generic/pgf/utilities/pgfkeys.code.tex
\pgfkeys@pathtoks=\toks19
\pgfkeys@temptoks=\toks20
 (c:/w32tex/share/texmf-dist/tex/latex/pgf_3.1.tds/tex/generic/pgf/utilities/pgfkeysfiltered.code.tex
\pgfkeys@tmptoks=\toks21
))
\pgf@x=\dimen107
\pgf@y=\dimen108
\pgf@xa=\dimen109
\pgf@ya=\dimen110
\pgf@xb=\dimen111
\pgf@yb=\dimen112
\pgf@xc=\dimen113
\pgf@yc=\dimen114
\w@pgf@writea=\write3
\r@pgf@reada=\read1
\c@pgf@counta=\count91
\c@pgf@countb=\count92
\c@pgf@countc=\count93
\c@pgf@countd=\count94
\t@pgf@toka=\toks22
\t@pgf@tokb=\toks23
\t@pgf@tokc=\toks24
\pgf@sys@id@count=\count95
 (c:/w32tex/share/texmf-dist/tex/latex/pgf_3.1.tds/tex/generic/pgf/systemlayer/pgf.cfg
File: pgf.cfg 2019/01/05 v3.1 (3.1)
)
Driver file for pgf: pgfsys-pdftex.def

(c:/w32tex/share/texmf-dist/tex/latex/pgf_3.1.tds/tex/generic/pgf/systemlayer/pgfsys-pdftex.def
File: pgfsys-pdftex.def 2019/01/05 v3.1 (3.1)
 (c:/w32tex/share/texmf-dist/tex/latex/pgf_3.1.tds/tex/generic/pgf/systemlayer/pgfsys-common-pdf.def
File: pgfsys-common-pdf.def 2019/01/05 v3.1 (3.1)
))) (c:/w32tex/share/texmf-dist/tex/latex/pgf_3.1.tds/tex/generic/pgf/systemlayer/pgfsyssoftpath.code.tex
File: pgfsyssoftpath.code.tex 2019/01/05 v3.1 (3.1)
\pgfsyssoftpath@smallbuffer@items=\count96
\pgfsyssoftpath@bigbuffer@items=\count97
) (c:/w32tex/share/texmf-dist/tex/latex/pgf_3.1.tds/tex/generic/pgf/systemlayer/pgfsysprotocol.code.tex
File: pgfsysprotocol.code.tex 2019/01/05 v3.1 (3.1)
)) (c:/w32tex/share/texmf-dist/tex/latex/pgf_3.1.tds/tex/generic/pgf/basiclayer/pgfcore.code.tex
Package: pgfcore 2019/01/05 v3.1 (3.1)
 (c:/w32tex/share/texmf-dist/tex/latex/pgf_3.1.tds/tex/generic/pgf/math/pgfmath.code.tex (c:/w32tex/share/texmf-dist/tex/latex/pgf_3.1.tds/tex/generic/pgf/math/pgfmathcalc.code.tex (c:/w32tex/share/texmf-dist/tex/latex/pgf_3.1.tds/tex/generic/pgf/math/pgfmathutil.code.tex) (c:/w32tex/share/texmf-dist/tex/latex/pgf_3.1.tds/tex/generic/pgf/math/pgfmathparser.code.tex
\pgfmath@dimen=\dimen115
\pgfmath@count=\count98
\pgfmath@box=\box29
\pgfmath@toks=\toks25
\pgfmath@stack@operand=\toks26
\pgfmath@stack@operation=\toks27
) (c:/w32tex/share/texmf-dist/tex/latex/pgf_3.1.tds/tex/generic/pgf/math/pgfmathfunctions.code.tex
(c:/w32tex/share/texmf-dist/tex/latex/pgf_3.1.tds/tex/generic/pgf/math/pgfmathfunctions.basic.code.tex) (c:/w32tex/share/texmf-dist/tex/latex/pgf_3.1.tds/tex/generic/pgf/math/pgfmathfunctions.trigonometric.code.tex) (c:/w32tex/share/texmf-dist/tex/latex/pgf_3.1.tds/tex/generic/pgf/math/pgfmathfunctions.random.code.tex) (c:/w32tex/share/texmf-dist/tex/latex/pgf_3.1.tds/tex/generic/pgf/math/pgfmathfunctions.comparison.code.tex) (c:/w32tex/share/texmf-dist/tex/latex/pgf_3.1.tds/tex/generic/pgf/math/pgfmathfunctions.base.code.tex) (c:/w32tex/share/texmf-dist/tex/latex/pgf_3.1.tds/tex/generic/pgf/math/pgfmathfunctions.round.code.tex) (c:/w32tex/share/texmf-dist/tex/latex/pgf_3.1.tds/tex/generic/pgf/math/pgfmathfunctions.misc.code.tex) (c:/w32tex/share/texmf-dist/tex/latex/pgf_3.1.tds/tex/generic/pgf/math/pgfmathfunctions.integerarithmetics.code.tex))) (c:/w32tex/share/texmf-dist/tex/latex/pgf_3.1.tds/tex/generic/pgf/math/pgfmathfloat.code.tex
\c@pgfmathroundto@lastzeros=\count99
))
(c:/w32tex/share/texmf-dist/tex/latex/pgf_3.1.tds/tex/generic/pgf/basiclayer/pgfcorepoints.code.tex
File: pgfcorepoints.code.tex 2019/01/05 v3.1 (3.1)
\pgf@picminx=\dimen116
\pgf@picmaxx=\dimen117
\pgf@picminy=\dimen118
\pgf@picmaxy=\dimen119
\pgf@pathminx=\dimen120
\pgf@pathmaxx=\dimen121
\pgf@pathminy=\dimen122
\pgf@pathmaxy=\dimen123
\pgf@xx=\dimen124
\pgf@xy=\dimen125
\pgf@yx=\dimen126
\pgf@yy=\dimen127
\pgf@zx=\dimen128
\pgf@zy=\dimen129
) (c:/w32tex/share/texmf-dist/tex/latex/pgf_3.1.tds/tex/generic/pgf/basiclayer/pgfcorepathconstruct.code.tex
File: pgfcorepathconstruct.code.tex 2019/01/05 v3.1 (3.1)
\pgf@path@lastx=\dimen130
\pgf@path@lasty=\dimen131
) (c:/w32tex/share/texmf-dist/tex/latex/pgf_3.1.tds/tex/generic/pgf/basiclayer/pgfcorepathusage.code.tex
File: pgfcorepathusage.code.tex 2019/01/05 v3.1 (3.1)
\pgf@shorten@end@additional=\dimen132
\pgf@shorten@start@additional=\dimen133
) (c:/w32tex/share/texmf-dist/tex/latex/pgf_3.1.tds/tex/generic/pgf/basiclayer/pgfcorescopes.code.tex
File: pgfcorescopes.code.tex 2019/01/05 v3.1 (3.1)
\pgfpic=\box30
\pgf@hbox=\box31
\pgf@layerbox@main=\box32
\pgf@picture@serial@count=\count100
) (c:/w32tex/share/texmf-dist/tex/latex/pgf_3.1.tds/tex/generic/pgf/basiclayer/pgfcoregraphicstate.code.tex
File: pgfcoregraphicstate.code.tex 2019/01/05 v3.1 (3.1)
\pgflinewidth=\dimen134
) (c:/w32tex/share/texmf-dist/tex/latex/pgf_3.1.tds/tex/generic/pgf/basiclayer/pgfcoretransformations.code.tex
File: pgfcoretransformations.code.tex 2019/01/05 v3.1 (3.1)
\pgf@pt@x=\dimen135
\pgf@pt@y=\dimen136
\pgf@pt@temp=\dimen137
) (c:/w32tex/share/texmf-dist/tex/latex/pgf_3.1.tds/tex/generic/pgf/basiclayer/pgfcorequick.code.tex
File: pgfcorequick.code.tex 2019/01/05 v3.1 (3.1)
) (c:/w32tex/share/texmf-dist/tex/latex/pgf_3.1.tds/tex/generic/pgf/basiclayer/pgfcoreobjects.code.tex
File: pgfcoreobjects.code.tex 2019/01/05 v3.1 (3.1)
) (c:/w32tex/share/texmf-dist/tex/latex/pgf_3.1.tds/tex/generic/pgf/basiclayer/pgfcorepathprocessing.code.tex
File: pgfcorepathprocessing.code.tex 2019/01/05 v3.1 (3.1)
)
(c:/w32tex/share/texmf-dist/tex/latex/pgf_3.1.tds/tex/generic/pgf/basiclayer/pgfcorearrows.code.tex
File: pgfcorearrows.code.tex 2019/01/05 v3.1 (3.1)
\pgfarrowsep=\dimen138
) (c:/w32tex/share/texmf-dist/tex/latex/pgf_3.1.tds/tex/generic/pgf/basiclayer/pgfcoreshade.code.tex
File: pgfcoreshade.code.tex 2019/01/05 v3.1 (3.1)
\pgf@max=\dimen139
\pgf@sys@shading@range@num=\count101
) (c:/w32tex/share/texmf-dist/tex/latex/pgf_3.1.tds/tex/generic/pgf/basiclayer/pgfcoreimage.code.tex
File: pgfcoreimage.code.tex 2019/01/05 v3.1 (3.1)
 (c:/w32tex/share/texmf-dist/tex/latex/pgf_3.1.tds/tex/generic/pgf/basiclayer/pgfcoreexternal.code.tex
File: pgfcoreexternal.code.tex 2019/01/05 v3.1 (3.1)
\pgfexternal@startupbox=\box33
)) (c:/w32tex/share/texmf-dist/tex/latex/pgf_3.1.tds/tex/generic/pgf/basiclayer/pgfcorelayers.code.tex
File: pgfcorelayers.code.tex 2019/01/05 v3.1 (3.1)
) (c:/w32tex/share/texmf-dist/tex/latex/pgf_3.1.tds/tex/generic/pgf/basiclayer/pgfcoretransparency.code.tex
File: pgfcoretransparency.code.tex 2019/01/05 v3.1 (3.1)
) (c:/w32tex/share/texmf-dist/tex/latex/pgf_3.1.tds/tex/generic/pgf/basiclayer/pgfcorepatterns.code.tex
File: pgfcorepatterns.code.tex 2019/01/05 v3.1 (3.1)
) (c:/w32tex/share/texmf-dist/tex/latex/pgf_3.1.tds/tex/generic/pgf/basiclayer/pgfcorerdf.code.tex
File: pgfcorerdf.code.tex 2019/01/05 v3.1 (3.1)
))) (c:/w32tex/share/texmf-dist/tex/latex/pgf_3.1.tds/tex/generic/pgf/modules/pgfmoduleshapes.code.tex
File: pgfmoduleshapes.code.tex 2019/01/05 v3.1 (3.1)
\pgfnodeparttextbox=\box34
)
(c:/w32tex/share/texmf-dist/tex/latex/pgf_3.1.tds/tex/generic/pgf/modules/pgfmoduleplot.code.tex
File: pgfmoduleplot.code.tex 2019/01/05 v3.1 (3.1)
) (c:/w32tex/share/texmf-dist/tex/latex/pgf/compatibility/pgfcomp-version-0-65.sty
Package: pgfcomp-version-0-65 2019/01/05 v3.1 (3.1)
\pgf@nodesepstart=\dimen140
\pgf@nodesepend=\dimen141
) (c:/w32tex/share/texmf-dist/tex/latex/pgf/compatibility/pgfcomp-version-1-18.sty
Package: pgfcomp-version-1-18 2019/01/05 v3.1 (3.1)
)) (c:/w32tex/share/texmf-dist/tex/latex/pgf/utilities/pgffor.sty (c:/w32tex/share/texmf-dist/tex/latex/pgf/utilities/pgfkeys.sty (c:/w32tex/share/texmf-dist/tex/latex/pgf_3.1.tds/tex/generic/pgf/utilities/pgfkeys.code.tex)) (c:/w32tex/share/texmf-dist/tex/latex/pgf/math/pgfmath.sty (c:/w32tex/share/texmf-dist/tex/latex/pgf_3.1.tds/tex/generic/pgf/math/pgfmath.code.tex)) (c:/w32tex/share/texmf-dist/tex/latex/pgf_3.1.tds/tex/generic/pgf/utilities/pgffor.code.tex
Package: pgffor 2019/01/05 v3.1 (3.1)
 (c:/w32tex/share/texmf-dist/tex/latex/pgf_3.1.tds/tex/generic/pgf/math/pgfmath.code.tex)
\pgffor@iter=\dimen142
\pgffor@skip=\dimen143
\pgffor@stack=\toks28
\pgffor@toks=\toks29
)) (c:/w32tex/share/texmf-dist/tex/latex/pgf_3.1.tds/tex/generic/pgf/frontendlayer/tikz/tikz.code.tex
Package: tikz 2019/01/05 v3.1 (3.1)

(c:/w32tex/share/texmf-dist/tex/latex/pgf_3.1.tds/tex/generic/pgf/libraries/pgflibraryplothandlers.code.tex
File: pgflibraryplothandlers.code.tex 2019/01/05 v3.1 (3.1)
\pgf@plot@mark@count=\count102
\pgfplotmarksize=\dimen144
)
\tikz@lastx=\dimen145
\tikz@lasty=\dimen146
\tikz@lastxsaved=\dimen147
\tikz@lastysaved=\dimen148
\tikzleveldistance=\dimen149
\tikzsiblingdistance=\dimen150
\tikz@figbox=\box35
\tikz@figbox@bg=\box36
\tikz@tempbox=\box37
\tikz@tempbox@bg=\box38
\tikztreelevel=\count103
\tikznumberofchildren=\count104
\tikznumberofcurrentchild=\count105
\tikz@fig@count=\count106
 (c:/w32tex/share/texmf-dist/tex/latex/pgf_3.1.tds/tex/generic/pgf/modules/pgfmodulematrix.code.tex
File: pgfmodulematrix.code.tex 2019/01/05 v3.1 (3.1)
\pgfmatrixcurrentrow=\count107
\pgfmatrixcurrentcolumn=\count108
\pgf@matrix@numberofcolumns=\count109
)
\tikz@expandcount=\count110
 (c:/w32tex/share/texmf-dist/tex/latex/pgf_3.1.tds/tex/generic/pgf/frontendlayer/tikz/libraries/tikzlibrarytopaths.code.tex
File: tikzlibrarytopaths.code.tex 2019/01/05 v3.1 (3.1)
))) (c:/w32tex/share/texmf-dist/tex/latex/pgf_3.1.tds/tex/generic/pgf/frontendlayer/tikz/libraries/tikzlibrarysnakes.code.tex
File: tikzlibrarysnakes.code.tex 2019/01/05 v3.1 (3.1)


Package pgf Warning: Snakes have been superseded by decorations. Please use the decoration libraries instead of the snakes library on input line 14.

(c:/w32tex/share/texmf-dist/tex/latex/pgf_3.1.tds/tex/generic/pgf/frontendlayer/tikz/libraries/tikzlibrarydecorations.pathmorphing.code.tex (c:/w32tex/share/texmf-dist/tex/latex/pgf_3.1.tds/tex/generic/pgf/frontendlayer/tikz/libraries/tikzlibrarydecorations.code.tex (c:/w32tex/share/texmf-dist/tex/latex/pgf_3.1.tds/tex/generic/pgf/modules/pgfmoduledecorations.code.tex
\pgfdecoratedcompleteddistance=\dimen151
\pgfdecoratedremainingdistance=\dimen152
\pgfdecoratedinputsegmentcompleteddistance=\dimen153
\pgfdecoratedinputsegmentremainingdistance=\dimen154
\pgf@decorate@distancetomove=\dimen155
\pgf@decorate@repeatstate=\count111
\pgfdecorationsegmentamplitude=\dimen156
\pgfdecorationsegmentlength=\dimen157
)
\tikz@lib@dec@box=\box39
) (c:/w32tex/share/texmf-dist/tex/latex/pgf_3.1.tds/tex/generic/pgf/libraries/decorations/pgflibrarydecorations.pathmorphing.code.tex)) (c:/w32tex/share/texmf-dist/tex/latex/pgf_3.1.tds/tex/generic/pgf/frontendlayer/tikz/libraries/tikzlibrarydecorations.pathreplacing.code.tex (c:/w32tex/share/texmf-dist/tex/latex/pgf_3.1.tds/tex/generic/pgf/libraries/decorations/pgflibrarydecorations.pathreplacing.code.tex)) (c:/w32tex/share/texmf-dist/tex/latex/pgf_3.1.tds/tex/generic/pgf/frontendlayer/tikz/libraries/tikzlibrarydecorations.shapes.code.tex
(c:/w32tex/share/texmf-dist/tex/latex/pgf_3.1.tds/tex/generic/pgf/libraries/decorations/pgflibrarydecorations.shapes.code.tex))) (c:/w32tex/share/texmf-dist/tex/latex/pgf_3.1.tds/tex/generic/pgf/frontendlayer/tikz/libraries/tikzlibraryarrows.code.tex
File: tikzlibraryarrows.code.tex 2019/01/05 v3.1 (3.1)
 (c:/w32tex/share/texmf-dist/tex/latex/pgf_3.1.tds/tex/generic/pgf/libraries/pgflibraryarrows.code.tex
File: pgflibraryarrows.code.tex 2019/01/05 v3.1 (3.1)
\arrowsize=\dimen158
)) (c:/w32tex/share/texmf-dist/tex/latex/pgf_3.1.tds/tex/generic/pgf/frontendlayer/tikz/libraries/tikzlibraryshapes.code.tex
File: tikzlibraryshapes.code.tex 2019/01/05 v3.1 (3.1)
 (c:/w32tex/share/texmf-dist/tex/latex/pgf_3.1.tds/tex/generic/pgf/frontendlayer/tikz/libraries/tikzlibraryshapes.geometric.code.tex
File: tikzlibraryshapes.geometric.code.tex 2019/01/05 v3.1 (3.1)
 (c:/w32tex/share/texmf-dist/tex/latex/pgf_3.1.tds/tex/generic/pgf/libraries/shapes/pgflibraryshapes.geometric.code.tex
File: pgflibraryshapes.geometric.code.tex 2019/01/05 v3.1 (3.1)
)) (c:/w32tex/share/texmf-dist/tex/latex/pgf_3.1.tds/tex/generic/pgf/frontendlayer/tikz/libraries/tikzlibraryshapes.misc.code.tex
File: tikzlibraryshapes.misc.code.tex 2019/01/05 v3.1 (3.1)
 (c:/w32tex/share/texmf-dist/tex/latex/pgf_3.1.tds/tex/generic/pgf/libraries/shapes/pgflibraryshapes.misc.code.tex
File: pgflibraryshapes.misc.code.tex 2019/01/05 v3.1 (3.1)
))
(c:/w32tex/share/texmf-dist/tex/latex/pgf_3.1.tds/tex/generic/pgf/frontendlayer/tikz/libraries/tikzlibraryshapes.symbols.code.tex
File: tikzlibraryshapes.symbols.code.tex 2019/01/05 v3.1 (3.1)
 (c:/w32tex/share/texmf-dist/tex/latex/pgf_3.1.tds/tex/generic/pgf/libraries/shapes/pgflibraryshapes.symbols.code.tex
File: pgflibraryshapes.symbols.code.tex 2019/01/05 v3.1 (3.1)
)) (c:/w32tex/share/texmf-dist/tex/latex/pgf_3.1.tds/tex/generic/pgf/frontendlayer/tikz/libraries/tikzlibraryshapes.arrows.code.tex
File: tikzlibraryshapes.arrows.code.tex 2019/01/05 v3.1 (3.1)
 (c:/w32tex/share/texmf-dist/tex/latex/pgf_3.1.tds/tex/generic/pgf/libraries/shapes/pgflibraryshapes.arrows.code.tex
File: pgflibraryshapes.arrows.code.tex 2019/01/05 v3.1 (3.1)
)) (c:/w32tex/share/texmf-dist/tex/latex/pgf_3.1.tds/tex/generic/pgf/frontendlayer/tikz/libraries/tikzlibraryshapes.callouts.code.tex (c:/w32tex/share/texmf-dist/tex/latex/pgf_3.1.tds/tex/generic/pgf/libraries/shapes/pgflibraryshapes.callouts.code.tex)) (c:/w32tex/share/texmf-dist/tex/latex/pgf_3.1.tds/tex/generic/pgf/frontendlayer/tikz/libraries/tikzlibraryshapes.multipart.code.tex
File: tikzlibraryshapes.multipart.code.tex 2019/01/05 v3.1 (3.1)
 (c:/w32tex/share/texmf-dist/tex/latex/pgf_3.1.tds/tex/generic/pgf/libraries/shapes/pgflibraryshapes.multipart.code.tex
File: pgflibraryshapes.multipart.code.tex 2019/01/05 v3.1 (3.1)
\pgfnodepartlowerbox=\box40
\pgfnodeparttwobox=\box41
\pgfnodepartthreebox=\box42
\pgfnodepartfourbox=\box43
\pgfnodeparttwentybox=\box44
\pgfnodepartnineteenbox=\box45
\pgfnodeparteighteenbox=\box46
\pgfnodepartseventeenbox=\box47
\pgfnodepartsixteenbox=\box48
\pgfnodepartfifteenbox=\box49
\pgfnodepartfourteenbox=\box50
\pgfnodepartthirteenbox=\box51
\pgfnodeparttwelvebox=\box52
\pgfnodepartelevenbox=\box53
\pgfnodeparttenbox=\box54
\pgfnodepartninebox=\box55
\pgfnodeparteightbox=\box56
\pgfnodepartsevenbox=\box57
\pgfnodepartsixbox=\box58
\pgfnodepartfivebox=\box59
))) (c:/w32tex/share/texmf-dist/tex/latex/pgf_3.1.tds/tex/generic/pgf/frontendlayer/tikz/libraries/tikzlibraryautomata.code.tex
File: tikzlibraryautomata.code.tex 2019/01/05 v3.1 (3.1)
) (c:/w32tex/share/texmf-dist/tex/latex/pgf_3.1.tds/tex/generic/pgf/libraries/pgflibraryarrows.meta.code.tex
File: pgflibraryarrows.meta.code.tex 2019/01/05 v3.1 (3.1)
\pgfarrowinset=\dimen159
\pgfarrowlength=\dimen160
\pgfarrowwidth=\dimen161
\pgfarrowlinewidth=\dimen162
) (c:/w32tex/share/texmf-dist/tex/latex/amsmath/amsmath.sty
Package: amsmath 2018/12/01 v2.17b AMS math features
\@mathmargin=\skip43

For additional information on amsmath, use the `?' option.
(c:/w32tex/share/texmf-dist/tex/latex/amsmath/amstext.sty
Package: amstext 2000/06/29 v2.01 AMS text
 (c:/w32tex/share/texmf-dist/tex/latex/amsmath/amsgen.sty
File: amsgen.sty 1999/11/30 v2.0 generic functions
\@emptytoks=\toks30
\ex@=\dimen163
)) (c:/w32tex/share/texmf-dist/tex/latex/amsmath/amsbsy.sty
Package: amsbsy 1999/11/29 v1.2d Bold Symbols
\pmbraise@=\dimen164
) (c:/w32tex/share/texmf-dist/tex/latex/amsmath/amsopn.sty
Package: amsopn 2016/03/08 v2.02 operator names
)
\inf@bad=\count112
LaTeX Info: Redefining \frac on input line 223.
\uproot@=\count113
\leftroot@=\count114
LaTeX Info: Redefining \overline on input line 385.
\classnum@=\count115
\DOTSCASE@=\count116
LaTeX Info: Redefining \ldots on input line 482.
LaTeX Info: Redefining \dots on input line 485.
LaTeX Info: Redefining \cdots on input line 606.
\Mathstrutbox@=\box60
\strutbox@=\box61
\big@size=\dimen165
LaTeX Font Info:    Redeclaring font encoding OML on input line 729.
LaTeX Font Info:    Redeclaring font encoding OMS on input line 730.
\macc@depth=\count117
\c@MaxMatrixCols=\count118
\dotsspace@=\muskip10
\c@parentequation=\count119
\dspbrk@lvl=\count120
\tag@help=\toks31
\row@=\count121
\column@=\count122
\maxfields@=\count123
\andhelp@=\toks32
\eqnshift@=\dimen166
\alignsep@=\dimen167
\tagshift@=\dimen168
\tagwidth@=\dimen169
\totwidth@=\dimen170
\lineht@=\dimen171
\@envbody=\toks33
\multlinegap=\skip44
\multlinetaggap=\skip45
\mathdisplay@stack=\toks34
LaTeX Info: Redefining \[ on input line 2844.
LaTeX Info: Redefining \] on input line 2845.
) (./ldgba_.aux)
\openout1 = `ldgba_.aux'.

LaTeX Font Info:    Checking defaults for OML/cmm/m/it on input line 15.
LaTeX Font Info:    ... okay on input line 15.
LaTeX Font Info:    Checking defaults for T1/cmr/m/n on input line 15.
LaTeX Font Info:    ... okay on input line 15.
LaTeX Font Info:    Checking defaults for OT1/cmr/m/n on input line 15.
LaTeX Font Info:    ... okay on input line 15.
LaTeX Font Info:    Checking defaults for OMS/cmsy/m/n on input line 15.
LaTeX Font Info:    ... okay on input line 15.
LaTeX Font Info:    Checking defaults for OMX/cmex/m/n on input line 15.
LaTeX Font Info:    ... okay on input line 15.
LaTeX Font Info:    Checking defaults for U/cmr/m/n on input line 15.
LaTeX Font Info:    ... okay on input line 15.
 (c:/w32tex/share/texmf-dist/tex/context/base/mkii/supp-pdf.mkii
[Loading MPS to PDF converter (version 2006.09.02).]
\scratchcounter=\count124
\scratchdimen=\dimen172
\scratchbox=\box62
\nofMPsegments=\count125
\nofMParguments=\count126
\everyMPshowfont=\toks35
\MPscratchCnt=\count127
\MPscratchDim=\dimen173
\MPnumerator=\count128
\makeMPintoPDFobject=\count129
\everyMPtoPDFconversion=\toks36
) (c:/w32tex/share/texmf-dist/tex/latex/oberdiek/epstopdf-base.sty
Package: epstopdf-base 2016/05/15 v2.6 Base part for package epstopdf
 (c:/w32tex/share/texmf-dist/tex/generic/oberdiek/infwarerr.sty
Package: infwarerr 2016/05/16 v1.4 Providing info/warning/error messages (HO)
) (c:/w32tex/share/texmf-dist/tex/latex/oberdiek/grfext.sty
Package: grfext 2016/05/16 v1.2 Manage graphics extensions (HO)
 (c:/w32tex/share/texmf-dist/tex/generic/oberdiek/kvdefinekeys.sty
Package: kvdefinekeys 2016/05/16 v1.4 Define keys (HO)
 (c:/w32tex/share/texmf-dist/tex/generic/oberdiek/ltxcmds.sty
Package: ltxcmds 2016/05/16 v1.23 LaTeX kernel commands for general use (HO)
))) (c:/w32tex/share/texmf-dist/tex/latex/oberdiek/kvoptions.sty
Package: kvoptions 2016/05/16 v3.12 Key value format for package options (HO)
 (c:/w32tex/share/texmf-dist/tex/generic/oberdiek/kvsetkeys.sty
Package: kvsetkeys 2016/05/16 v1.17 Key value parser (HO)
 (c:/w32tex/share/texmf-dist/tex/generic/oberdiek/etexcmds.sty
Package: etexcmds 2016/05/16 v1.6 Avoid name clashes with e-TeX commands (HO)
))) (c:/w32tex/share/texmf-dist/tex/generic/oberdiek/pdftexcmds.sty
Package: pdftexcmds 2019/07/25 v0.30 Utility functions of pdfTeX for LuaTeX (HO)
Package pdftexcmds Info: LuaTeX not detected.
Package pdftexcmds Info: \pdf@primitive is available.
Package pdftexcmds Info: \pdf@ifprimitive is available.
Package pdftexcmds Info: \pdfdraftmode found.
)
Package epstopdf-base Info: Redefining graphics rule for `.eps' on input line 438.
Package grfext Info: Graphics extension search list:
(grfext)             [.pdf,.png,.jpg,.mps,.jpeg,.jbig2,.jb2,.PDF,.PNG,.JPG,.JPEG,.JBIG2,.JB2,.eps]
(grfext)             \AppendGraphicsExtensions on input line 456.
 (c:/w32tex/share/texmf-dist/tex/latex/config/epstopdf-sys.cfg
File: epstopdf-sys.cfg 2010/07/13 v1.3 Configuration of (r)epstopdf for TeX Live
)) ABD: EveryShipout initializing macros
LaTeX Font Info:    Try loading font information for OMS+cmr on input line 46.
 (c:/w32tex/share/texmf-dist/tex/latex/base/omscmr.fd
File: omscmr.fd 2014/09/29 v2.5h Standard LaTeX font definitions
)
LaTeX Font Info:    Font shape `OMS/cmr/m/n' in size <10> not available
(Font)              Font shape `OMS/cmsy/m/n' tried instead on input line 46.
 [1

{c:/w32tex/share/texmf-dist/fonts/map/pdftex/updmap/pdftex.map}] (./ldgba_.aux) ) 
Here is how much of TeX's memory you used:
 16653 strings out of 492609
 369176 string characters out of 6131386
 457777 words of memory out of 5000000
 20245 multiletter control sequences out of 15000+600000
 4094 words of font info for 16 fonts, out of 8000000 for 9000
 1141 hyphenation exceptions out of 8191
 55i,11n,76p,433b,1024s stack positions out of 5000i,500n,10000p,500000b,80000s
<c:/w32tex/share/texmf-dist/fonts/type1/public/amsfonts/cm/cmmi10.pfb><c:/w32tex/share/texmf-dist/fonts/type1/public/amsfonts/cm/cmmi7.pfb><c:/w32tex/share/texmf-dist/fonts/type1/public/amsfonts/cm/cmr10.pfb><c:/w32tex/share/texmf-dist/fonts/type1/public/amsfonts/cm/cmr7.pfb><c:/w32tex/share/texmf-dist/fonts/type1/public/amsfonts/cm/cmsy10.pfb>
Output written on ldgba_.pdf (1 page, 42050 bytes).
PDF statistics:
 31 PDF objects out of 1000 (max. 8388607)
 22 compressed objects within 1 object stream
 0 named destinations out of 1000 (max. 500000)
 13 words of extra memory for PDF output out of 10000 (max. 10000000)

