This is e-pTeX, Version 3.14159265-p3.8.0-180226-2.6 (utf8.sjis) (TeX Live 2018/W32TeX) (preloaded format=platex 2018.4.26)  18 JAN 2020 06:31
entering extended mode
 restricted \write18 enabled.
 file:line:error style messages enabled.
 %&-line parsing enabled.
**main_thesis.tex
(./main_thesis.tex
pLaTeX2e <2018-04-01>+1 (based on LaTeX2e <2018-04-01> patch level 3)
Babel <3.19> and hyphenation patterns for 84 language(s) loaded.
(c:/w32tex/share/texmf-dist/tex/platex/jsclasses/jsbook.cls
Document Class: jsbook 2018/03/11 jsclasses (okumura, texjporg)
\jsc@mpt=\dimen118
\jsc@mmm=\dimen119
\jsc@smallskipamount=\skip41
LaTeX Info: Redefining \rmfamily on input line 471.
LaTeX Info: Redefining \sffamily on input line 474.
LaTeX Info: Redefining \ttfamily on input line 477.
LaTeX Info: Redefining \textmc on input line 481.
LaTeX Info: Redefining \textgt on input line 483.
\symmincho=\mathgroup4
LaTeX Font Info:    Overwriting symbol font `mincho' in version `bold'
(Font)                  JY1/mc/m/n --> JY1/gt/m/n on input line 545.
LaTeX Font Info:    Font shape `JT1/mc/m/n' will be
(Font)              scaled to size 9.60999pt on input line 736.
LaTeX Font Info:    Font shape `JY1/mc/m/n' will be
(Font)              scaled to size 9.60999pt on input line 736.
\fullwidth=\dimen120
LaTeX Font Info:    Font shape `JT1/mc/m/n' will be
(Font)              scaled to size 7.68799pt on input line 897.
LaTeX Font Info:    Font shape `JY1/mc/m/n' will be
(Font)              scaled to size 7.68799pt on input line 897.
\c@part=\count83
\c@chapter=\count84
\c@section=\count85
\c@subsection=\count86
\c@subsubsection=\count87
\c@paragraph=\count88
\c@subparagraph=\count89
\c@figure=\count90
\c@table=\count91
\abovecaptionskip=\skip42
\belowcaptionskip=\skip43
\jsc@tocl@width=\dimen121
\@lnumwidth=\dimen122
\bibindent=\dimen123
(c:/w32tex/share/texmf-dist/tex/platex/jsclasses/jslogo.sty
Package: jslogo 2017/02/24 okumura, texjporg
LaTeX Info: Redefining \TeX on input line 94.
LaTeX Info: Redefining \LaTeX on input line 147.
LaTeX Info: Redefining \LaTeXe on input line 200.
)
\heisei=\count92
) (c:/w32tex/share/texmf-dist/tex/latex/amsfonts/amsfonts.sty
Package: amsfonts 2013/01/14 v3.01 Basic AMSFonts support
\@emptytoks=\toks15
\symAMSa=\mathgroup5
\symAMSb=\mathgroup6
LaTeX Font Info:    Overwriting math alphabet `\mathfrak' in version `bold'
(Font)                  U/euf/m/n --> U/euf/b/n on input line 106.
) (c:/w32tex/share/texmf-dist/tex/latex/amsmath/amsmath.sty
Package: amsmath 2017/09/02 v2.17a AMS math features
\@mathmargin=\skip44

For additional information on amsmath, use the `?' option.
(c:/w32tex/share/texmf-dist/tex/latex/amsmath/amstext.sty
Package: amstext 2000/06/29 v2.01 AMS text
 (c:/w32tex/share/texmf-dist/tex/latex/amsmath/amsgen.sty
File: amsgen.sty 1999/11/30 v2.0 generic functions
\@emptytoks=\toks16
\ex@=\dimen124
)) (c:/w32tex/share/texmf-dist/tex/latex/amsmath/amsbsy.sty
Package: amsbsy 1999/11/29 v1.2d Bold Symbols
\pmbraise@=\dimen125
) (c:/w32tex/share/texmf-dist/tex/latex/amsmath/amsopn.sty
Package: amsopn 2016/03/08 v2.02 operator names
)
\inf@bad=\count93
LaTeX Info: Redefining \frac on input line 213.
\uproot@=\count94
\leftroot@=\count95
LaTeX Info: Redefining \overline on input line 375.
\classnum@=\count96
\DOTSCASE@=\count97
LaTeX Info: Redefining \ldots on input line 472.
LaTeX Info: Redefining \dots on input line 475.
LaTeX Info: Redefining \cdots on input line 596.
\Mathstrutbox@=\box42
\strutbox@=\box43
\big@size=\dimen126
LaTeX Font Info:    Redeclaring font encoding OML on input line 712.
LaTeX Font Info:    Redeclaring font encoding OMS on input line 713.
\macc@depth=\count98
\c@MaxMatrixCols=\count99
\dotsspace@=\muskip10
\c@parentequation=\count100
\dspbrk@lvl=\count101
\tag@help=\toks17
\row@=\count102
\column@=\count103
\maxfields@=\count104
\andhelp@=\toks18
\eqnshift@=\dimen127
\alignsep@=\dimen128
\tagshift@=\dimen129
\tagwidth@=\dimen130
\totwidth@=\dimen131
\lineht@=\dimen132
\@envbody=\toks19
\multlinegap=\skip45
\multlinetaggap=\skip46
\mathdisplay@stack=\toks20
LaTeX Info: Redefining \[ on input line 2817.
LaTeX Info: Redefining \] on input line 2818.
) (c:/w32tex/share/texmf-dist/tex/latex/amsfonts/amssymb.sty
Package: amssymb 2013/01/14 v3.01 AMS font symbols
) (c:/w32tex/share/texmf-dist/tex/latex/tools/bm.sty
Package: bm 2017/01/16 v1.2c Bold Symbol Support (DPC/FMi)
\symboldoperators=\mathgroup7
\symboldletters=\mathgroup8
\symboldsymbols=\mathgroup9
\symboldmincho=\mathgroup10
LaTeX Font Info:    Redeclaring math alphabet \mathbf on input line 141.
LaTeX Info: Redefining \bm on input line 207.
) (c:/w32tex/share/texmf-dist/tex/latex/float/float.sty
Package: float 2001/11/08 v1.3d Float enhancements (AL)
\c@float@type=\count105
\float@exts=\toks21
\float@box=\box44
\@float@everytoks=\toks22
\@floatcapt=\box45
) (c:/w32tex/share/texmf-dist/tex/latex/graphics/graphicx.sty
Package: graphicx 2017/06/01 v1.1a Enhanced LaTeX Graphics (DPC,SPQR)
 (c:/w32tex/share/texmf-dist/tex/latex/graphics/keyval.sty
Package: keyval 2014/10/28 v1.15 key=value parser (DPC)
\KV@toks@=\toks23
) (c:/w32tex/share/texmf-dist/tex/latex/graphics/graphics.sty
Package: graphics 2017/06/25 v1.2c Standard LaTeX Graphics (DPC,SPQR)
 (c:/w32tex/share/texmf-dist/tex/latex/graphics/trig.sty
Package: trig 2016/01/03 v1.10 sin cos tan (DPC)
) (c:/w32tex/share/texmf-dist/tex/latex/graphics-cfg/graphics.cfg
File: graphics.cfg 2016/06/04 v1.11 sample graphics configuration
)
Package graphics Info: Driver file: dvipdfmx.def on input line 99.
 (c:/w32tex/share/texmf-dist/tex/latex/graphics-def/dvipdfmx.def
File: dvipdfmx.def 2017/06/24 v5.0g Graphics/color driver for dvipdfmx
))
\Gin@req@height=\dimen133
\Gin@req@width=\dimen134
) (c:/w32tex/share/texmf-dist/tex/latex/graphics/color.sty
Package: color 2016/07/10 v1.1e Standard LaTeX Color (DPC)
 (c:/w32tex/share/texmf-dist/tex/latex/graphics-cfg/color.cfg
File: color.cfg 2016/01/02 v1.6 sample color configuration
)
Package color Info: Driver file: dvipdfmx.def on input line 147.
 (c:/w32tex/share/texmf-dist/tex/latex/graphics/dvipsnam.def
File: dvipsnam.def 2016/06/17 v3.0m Driver-dependent file (DPC,SPQR)
))
(c:/w32tex/share/texmf-dist/tex/latex/algorithms/algorithm.sty
Package: algorithm 2009/08/24 v0.1 Document Style `algorithm' - floating environment
 (c:/w32tex/share/texmf-dist/tex/latex/base/ifthen.sty
Package: ifthen 2014/09/29 v1.1c Standard LaTeX ifthen package (DPC)
)
\@float@every@algorithm=\toks24
\c@algorithm=\count106
) (c:/w32tex/share/texmf-dist/tex/latex/algorithms/algorithmic.sty
Package: algorithmic 2009/08/24 v0.1 Document Style `algorithmic'
\c@ALC@unique=\count107
\c@ALC@line=\count108
\c@ALC@rem=\count109
\c@ALC@depth=\count110
\ALC@tlm=\skip47
\algorithmicindent=\skip48
) (c:/w32tex/share/texmf-dist/tex/latex/listings/listings.sty
\lst@mode=\count111
\lst@gtempboxa=\box46
\lst@token=\toks25
\lst@length=\count112
\lst@currlwidth=\dimen135
\lst@column=\count113
\lst@pos=\count114
\lst@lostspace=\dimen136
\lst@width=\dimen137
\lst@newlines=\count115
\lst@lineno=\count116
\lst@maxwidth=\dimen138
 (c:/w32tex/share/texmf-dist/tex/latex/listings/lstmisc.sty
File: lstmisc.sty 2015/06/04 1.6 (Carsten Heinz)
\c@lstnumber=\count117
\lst@skipnumbers=\count118
\lst@framebox=\box47
) (c:/w32tex/share/texmf-dist/tex/latex/listings/listings.cfg
File: listings.cfg 2015/06/04 1.6 listings configuration
))
Package: listings 2015/06/04 1.6 (Carsten Heinz)
 (c:/w32tex/share/texmf-dist/tex/latex/comment/comment.sty
\CommentStream=\write3
 Excluding comment 'comment') (./book2report.sty) (./thesis.sty
\c@theorem=\count119
\c@lemma=\count120
\c@proposition=\count121
\c@corollary=\count122
\c@definition=\count123
\c@example=\count124
\c@proof=\count125
) (./main_thesis.aux

LaTeX Warning: Label `result1' multiply defined.


LaTeX Warning: Label `result1' multiply defined.


LaTeX Warning: Label `sim1' multiply defined.


LaTeX Warning: Label `sim1' multiply defined.

)
\openout1 = `main_thesis.aux'.

LaTeX Font Info:    Checking defaults for OML/cmm/m/it on input line 61.
LaTeX Font Info:    ... okay on input line 61.
LaTeX Font Info:    Checking defaults for T1/cmr/m/n on input line 61.
LaTeX Font Info:    ... okay on input line 61.
LaTeX Font Info:    Checking defaults for OT1/cmr/m/n on input line 61.
LaTeX Font Info:    ... okay on input line 61.
LaTeX Font Info:    Checking defaults for OMS/cmsy/m/n on input line 61.
LaTeX Font Info:    ... okay on input line 61.
LaTeX Font Info:    Checking defaults for OMX/cmex/m/n on input line 61.
LaTeX Font Info:    ... okay on input line 61.
LaTeX Font Info:    Checking defaults for U/cmr/m/n on input line 61.
LaTeX Font Info:    ... okay on input line 61.
LaTeX Font Info:    Checking defaults for JY1/mc/m/n on input line 61.
LaTeX Font Info:    ... okay on input line 61.
LaTeX Font Info:    Checking defaults for JT1/mc/m/n on input line 61.
LaTeX Font Info:    ... okay on input line 61.
\c@lstlisting=\count126
LaTeX Font Info:    Font shape `JT1/mc/m/n' will be
(Font)              scaled to size 23.90964pt on input line 67.
LaTeX Font Info:    Font shape `JY1/mc/m/n' will be
(Font)              scaled to size 23.90964pt on input line 67.
LaTeX Font Info:    Font shape `JT1/mc/bx/n' in size <24.88> not available
(Font)              Font shape `JT1/gt/m/n' tried instead on input line 67.
LaTeX Font Info:    Font shape `JT1/gt/m/n' will be
(Font)              scaled to size 23.90964pt on input line 67.
LaTeX Font Info:    Font shape `JY1/mc/bx/n' in size <24.88> not available
(Font)              Font shape `JY1/gt/m/n' tried instead on input line 67.
LaTeX Font Info:    Font shape `JY1/gt/m/n' will be
(Font)              scaled to size 23.90964pt on input line 67.
LaTeX Font Info:    Font shape `JT1/mc/m/n' will be
(Font)              scaled to size 13.83836pt on input line 69.
LaTeX Font Info:    Font shape `JY1/mc/m/n' will be
(Font)              scaled to size 13.83836pt on input line 69.
LaTeX Font Info:    Font shape `JY1/mc/m/n' will be
(Font)              scaled to size 6.72699pt on input line 71.
LaTeX Font Info:    Font shape `JY1/mc/m/n' will be
(Font)              scaled to size 4.805pt on input line 71.
LaTeX Font Info:    Try loading font information for U+msa on input line 71.
 (c:/w32tex/share/texmf-dist/tex/latex/amsfonts/umsa.fd
File: umsa.fd 2013/01/14 v3.01 AMS symbols A
)
LaTeX Font Info:    Try loading font information for U+msb on input line 71.
 (c:/w32tex/share/texmf-dist/tex/latex/amsfonts/umsb.fd
File: umsb.fd 2013/01/14 v3.01 AMS symbols B
)
LaTeX Font Info:    Font shape `JY1/gt/m/n' will be
(Font)              scaled to size 9.60999pt on input line 71.
LaTeX Font Info:    Font shape `JY1/gt/m/n' will be
(Font)              scaled to size 6.72699pt on input line 71.
LaTeX Font Info:    Font shape `JY1/gt/m/n' will be
(Font)              scaled to size 4.805pt on input line 71.
LaTeX Font Info:    Font shape `JT1/mc/m/n' will be
(Font)              scaled to size 16.60605pt on input line 71.
LaTeX Font Info:    Font shape `JY1/mc/m/n' will be
(Font)              scaled to size 16.60605pt on input line 71.
LaTeX Font Info:    Font shape `JT1/mc/m/n' will be
(Font)              scaled to size 11.53198pt on input line 75.
LaTeX Font Info:    Font shape `JY1/mc/m/n' will be
(Font)              scaled to size 11.53198pt on input line 75.
 [1

]
LaTeX Font Info:    Font shape `JT1/mc/bx/n' in size <10> not available
(Font)              Font shape `JT1/gt/m/n' tried instead on input line 94.
LaTeX Font Info:    Font shape `JT1/gt/m/n' will be
(Font)              scaled to size 9.60999pt on input line 94.
LaTeX Font Info:    Font shape `JY1/mc/bx/n' in size <10> not available
(Font)              Font shape `JY1/gt/m/n' tried instead on input line 94.
LaTeX Font Info:    Font shape `JY1/gt/m/n' will be
(Font)              scaled to size 9.60999pt on input line 94.
LaTeX Font Info:    Font shape `JT1/mc/bx/n' in size <12> not available
(Font)              Font shape `JT1/gt/m/n' tried instead on input line 94.
LaTeX Font Info:    Font shape `JT1/gt/m/n' will be
(Font)              scaled to size 11.53198pt on input line 94.
LaTeX Font Info:    Font shape `JY1/mc/bx/n' in size <12> not available
(Font)              Font shape `JY1/gt/m/n' tried instead on input line 94.
LaTeX Font Info:    Font shape `JY1/gt/m/n' will be
(Font)              scaled to size 11.53198pt on input line 94.
LaTeX Font Info:    Font shape `JT1/mc/m/n' will be
(Font)              scaled to size 8.64899pt on input line 100.
LaTeX Font Info:    Font shape `JY1/mc/m/n' will be
(Font)              scaled to size 8.64899pt on input line 100.
 [1

] (./main_thesis.toc)
\tf@toc=\write4
\openout4 = `main_thesis.toc'.

 [2


]
1
LaTeX Font Info:    Font shape `JT1/mc/m/n' will be
(Font)              scaled to size 19.9311pt on input line 107.
LaTeX Font Info:    Font shape `JY1/mc/m/n' will be
(Font)              scaled to size 19.9311pt on input line 107.
LaTeX Font Info:    Font shape `JT1/mc/bx/n' in size <20.74> not available
(Font)              Font shape `JT1/gt/m/n' tried instead on input line 107.
LaTeX Font Info:    Font shape `JT1/gt/m/n' will be
(Font)              scaled to size 19.9311pt on input line 107.
LaTeX Font Info:    Font shape `JY1/mc/bx/n' in size <20.74> not available
(Font)              Font shape `JY1/gt/m/n' tried instead on input line 107.
LaTeX Font Info:    Font shape `JY1/gt/m/n' will be
(Font)              scaled to size 19.9311pt on input line 107.
LaTeX Font Info:    Font shape `JT1/mc/bx/n' in size <14.4> not available
(Font)              Font shape `JT1/gt/m/n' tried instead on input line 110.
LaTeX Font Info:    Font shape `JT1/gt/m/n' will be
(Font)              scaled to size 13.83836pt on input line 110.
LaTeX Font Info:    Font shape `JY1/mc/bx/n' in size <14.4> not available
(Font)              Font shape `JY1/gt/m/n' tried instead on input line 110.
LaTeX Font Info:    Font shape `JY1/gt/m/n' will be
(Font)              scaled to size 13.83836pt on input line 110.
[1


]
2
LaTeX Font Info:    Font shape `JT1/mc/m/n' will be
(Font)              scaled to size 6.72699pt on input line 169.
LaTeX Font Info:    Font shape `JT1/mc/m/n' will be
(Font)              scaled to size 4.805pt on input line 169.
LaTeX Font Info:    Font shape `JT1/mc/m/it' in size <10> not available
(Font)              Font shape `JT1/mc/m/n' tried instead on input line 174.
LaTeX Font Info:    Font shape `JT1/mc/m/n' will be
(Font)              scaled to size 9.60999pt on input line 174.
LaTeX Font Info:    Font shape `JY1/mc/m/it' in size <10> not available
(Font)              Font shape `JY1/mc/m/n' tried instead on input line 174.
LaTeX Font Info:    Font shape `JY1/mc/m/n' will be
(Font)              scaled to size 9.60999pt on input line 174.

Underfull \hbox (badness 2591) in paragraph at lines 174--175
[]\OT1/cmr/m/n/10 A pol-icy on an MDP $\OML/cmm/m/it/10 M$ \OT1/cmr/m/n/10 is de-fined as a map-ping
 []

[2

] [3] [4] [5]
Underfull \hbox (badness 3168) in paragraph at lines 296--297
[]\OT1/cmr/m/n/10 A DES is a tu-ple $\OML/cmm/m/it/10 D$ \OT1/cmr/m/n/10 =
 []

[6] [7] [8]
Overfull \hbox (2.77481pt too wide) in paragraph at lines 408--409
[]\OT1/cmr/m/n/10 A transition-
 []

[9]
Overfull \hbox (44.53363pt too wide) in paragraph at lines 418--419
[]
 []

LaTeX Font Info:    Try loading font information for OMS+cmr on input line 420.
(c:/w32tex/share/texmf-dist/tex/latex/base/omscmr.fd
File: omscmr.fd 2014/09/29 v2.5h Standard LaTeX font definitions
)
LaTeX Font Info:    Font shape `OMS/cmr/m/n' in size <10> not available
(Font)              Font shape `OMS/cmsy/m/n' tried instead on input line 420.
 [10]
3

Underfull \hbox (badness 1748) in paragraph at lines 467--468
[]\OT1/cmr/m/n/10 For a tLDBA $\OML/cmm/m/it/10 B[] \OT1/cmr/m/n/10 = (\OML/cmm/m/it/10 X; x[]; \OT1/cmr/m/n/10 ^^F\OML/cmm/m/it/10 ; ^^N; \OMS/cmsy/m/n/10 F\OT1/cmr/m/n/10 )$, its aug-mented au-toma-
 []


Underfull \hbox (badness 1297) in paragraph at lines 467--468
\OML/cmm/m/it/10 ^^N;  v[] \OT1/cmr/m/n/10 = \OML/cmm/m/it/10 reset\OT1/cmr/m/n/10 (\OML/cmm/m/it/10 Max\OT1/cmr/m/n/10 (\OML/cmm/m/it/10 v; visitf\OT1/cmr/m/n/10 ((\OML/cmm/m/it/10 x; []; x[]\OT1/cmr/m/n/10 ))))\OMS/cmsy/m/n/10 g$\OT1/cmr/m/n/10 , and $[] = \OMS/cmsy/m/n/10 f[]\OML/cmm/m/it/10 ; [] ; []\OMS/cmsy/m/n/10 g$ \OT1/cmr/m/n/10 is de-fined as
 []

[11

] [12]
File: MDP_corridor.png Graphic file (type bmp)
<MDP_corridor.png>
LaTeX Font Info:    Font shape `JY1/mc/m/n' will be
(Font)              scaled to size 5.76599pt on input line 559.
LaTeX Font Info:    Font shape `JY1/gt/m/n' will be
(Font)              scaled to size 8.64899pt on input line 559.
LaTeX Font Info:    Font shape `JY1/gt/m/n' will be
(Font)              scaled to size 5.76599pt on input line 559.
File: ldgba_original.pdf Graphic file (type pdf)
<ldgba_original.pdf>
LaTeX Font Info:    Font shape `JT1/mc/bx/n' in size <9> not available
(Font)              Font shape `JT1/gt/m/n' tried instead on input line 568.
LaTeX Font Info:    Font shape `JT1/gt/m/n' will be
(Font)              scaled to size 8.64899pt on input line 568.
LaTeX Font Info:    Font shape `JY1/mc/bx/n' in size <9> not available
(Font)              Font shape `JY1/gt/m/n' tried instead on input line 568.
LaTeX Font Info:    Font shape `JY1/gt/m/n' will be
(Font)              scaled to size 8.64899pt on input line 568.
LaTeX Font Info:    Font shape `JT1/mc/m/n' will be
(Font)              scaled to size 5.76599pt on input line 568.
LaTeX Font Info:    Font shape `OMS/cmr/m/n' in size <9> not available
(Font)              Font shape `OMS/cmsy/m/n' tried instead on input line 568.
File: ldgba.pdf Graphic file (type pdf)
<ldgba.pdf>
 [13] [14] [15]
File: ep_1000_it_10000_MDP3_gamma_095_re2_ini22_nts_c095_20times.png Graphic file (type bmp)
<ep_1000_it_10000_MDP3_gamma_095_re2_ini22_nts_c095_20times.png>

Overfull \hbox (4.98335pt too wide) in paragraph at lines 618--619
 [][] 
 []

File: ep_1000_it_10000_MDP3_gamma_095_nts_c095_abate_20times.png Graphic file (type bmp)
<ep_1000_it_10000_MDP3_gamma_095_nts_c095_abate_20times.png>

Overfull \hbox (4.98335pt too wide) in paragraph at lines 624--625
 [][] 
 []


Overfull \hbox (15.33333pt too wide) in paragraph at lines 614--627
 [][][][] 
 []

File: proposed_policy.png Graphic file (type bmp)
<proposed_policy.png>
File: Abate_policy.png Graphic file (type bmp)
<Abate_policy.png>

Overfull \hbox (14.55107pt too wide) in paragraph at lines 633--644
 [][][][] 
 []

[16]
4
[17

] [18]

LaTeX Warning: Reference `result2' on page 19 undefined on input line 766.


LaTeX Warning: Reference `result3' on page 19 undefined on input line 766.


LaTeX Warning: Reference `sim2' on page 19 undefined on input line 767.


LaTeX Warning: Reference `sim3' on page 19 undefined on input line 767.

Excluding 'comment' comment.
File: cat_mouse.png Graphic file (type bmp)
<cat_mouse.png>
 [19]
File: ldgba_original.pdf Graphic file (type pdf)
<ldgba_original.pdf>
File: max_Q_value_TD.png Graphic file (type bmp)
<max_Q_value_TD.png>
File: learning_TD_v_15000_5000_rn2_05.png Graphic file (type bmp)
<learning_TD_v_15000_5000_rn2_05.png>
File: max_Q_value_TD_rn2_1.png Graphic file (type bmp)
<max_Q_value_TD_rn2_1.png>
File: simulate_TD_v_15000_5000.png Graphic file (type bmp)
<simulate_TD_v_15000_5000.png>
File: simulate_TD_v_15000_5000_rn2_05.png Graphic file (type bmp)
<simulate_TD_v_15000_5000_rn2_05.png>
File: simulate_TD_v_10000_5000_rn2_1.png Graphic file (type bmp)
<simulate_TD_v_10000_5000_rn2_1.png>
 Excluding 'comment' comment. [20] [21] [22] [23]
5
[24

]
A

LaTeX Warning: Reference `lemma1' on page 25 undefined on input line 886.

[25

]
Underfull \hbox (badness 1303) in paragraph at lines 909--911
\OT1/cmr/m/n/10 whereas all states in $\OML/cmm/m/it/10 R\OT1/cmr/m/n/10 (\OML/cmm/m/it/10 MC[]\OT1/cmr/m/n/10 )$ are pos-i-tive re-cur-rent be-cause $\OMS/cmsy/m/n/10 j\OML/cmm/m/it/10 S[]\OMS/cmsy/m/n/10 j \OML/cmm/m/it/10 < \OMS/cmsy/m/n/10 1$
 []


Underfull \hbox (badness 1742) in paragraph at lines 909--911
\OT1/cmr/m/n/10 [[]]. Ob-vi-ously, $\OML/cmm/m/it/10 p[]\OT1/cmr/m/n/10 (\OML/cmm/m/it/10 s[]; s[]\OT1/cmr/m/n/10 ) \OMS/cmsy/m/n/10 ^^U \OT1/cmr/m/n/10 (\OML/cmm/m/it/10 p[]\OT1/cmr/m/n/10 (\OML/cmm/m/it/10 s[]; s[]\OT1/cmr/m/n/10 ))[] \OML/cmm/m/it/10 > \OT1/cmr/m/n/10 0$ holds for any
 []

[26]

LaTeX Warning: Reference `theorem3-2' on page 27 undefined on input line 938.

[27] [28

] [29

]
Underfull \hbox (badness 1675) in paragraph at lines 1025--1028
[]\OT1/cmr/m/n/10 A. K. Bozkurt, Y. Wang, M. Za-vlanos, and M. Pa-jic, ``Con-trol syn-the-sis
 []


Underfull \hbox (badness 10000) in paragraph at lines 1032--1034
[]\OT1/cmr/m/n/10 L. Breuer, ``In-tro-duc-tion to Stochas-tic Pro-cesses'', [On-line]. Avail-able:
 []

[30] (./main_thesis.aux)

LaTeX Warning: There were undefined references.


LaTeX Warning: There were multiply-defined labels.

 ) 
Here is how much of TeX's memory you used:
 3867 strings out of 493281
 49481 string characters out of 6146979
 129713 words of memory out of 5000000
 7716 multiletter control sequences out of 15000+600000
 25901 words of font info for 117 fonts, out of 8000000 for 9000
 934 hyphenation exceptions out of 8191
 27i,18n,32p,1637b,571s stack positions out of 5000i,500n,10000p,500000b,80000s

Output written on main_thesis.dvi (33 pages, 111064 bytes).
