This is e-pTeX, Version 3.14159265-p3.8.2-190908-2.6 (utf8.sjis) (TeX Live 2019/W32TeX) (preloaded format=platex 2019.9.9)  22 JAN 2020 16:32
entering extended mode
 restricted \write18 enabled.
 file:line:error style messages enabled.
 %&-line parsing enabled.
**counterexample_ldbga.tex
(./counterexample_ldbga.tex
pLaTeX2e <2019-04-06> (based on LaTeX2e <2018-12-01>)
(c:/w32tex/share/texmf-dist/tex/latex/standalone/standalone.cls
Document Class: standalone 2018/03/26 v1.3a Class to compile TeX sub-files standalone
(c:/w32tex/share/texmf-dist/tex/latex/tools/shellesc.sty
Package: shellesc 2016/06/07 v0.02a unified shell escape interface for LaTeX
Package shellesc Info: Restricted shell escape enabled on input line 69.
) (c:/w32tex/share/texmf-dist/tex/generic/oberdiek/ifluatex.sty
Package: ifluatex 2016/05/16 v1.4 Provides the ifluatex switch (HO)
Package ifluatex Info: LuaTeX not detected.
) (c:/w32tex/share/texmf-dist/tex/generic/oberdiek/ifpdf.sty
Package: ifpdf 2018/09/07 v3.3 Provides the ifpdf switch
) (c:/w32tex/share/texmf-dist/tex/generic/ifxetex/ifxetex.sty
Package: ifxetex 2010/09/12 v0.6 Provides ifxetex conditional
) (c:/w32tex/share/texmf-dist/tex/latex/xkeyval/xkeyval.sty
Package: xkeyval 2014/12/03 v2.7a package option processing (HA)
 (c:/w32tex/share/texmf-dist/tex/generic/xkeyval/xkeyval.tex (c:/w32tex/share/texmf-dist/tex/generic/xkeyval/xkvutils.tex
\XKV@toks=\toks15
\XKV@tempa@toks=\toks16
 (c:/w32tex/share/texmf-dist/tex/generic/xkeyval/keyval.tex))
\XKV@depth=\count83
File: xkeyval.tex 2014/12/03 v2.7a key=value parser (HA)
))
\sa@internal=\count84
\c@sapage=\count85
 (c:/w32tex/share/texmf-dist/tex/latex/standalone/standalone.cfg
File: standalone.cfg 2018/03/26 v1.3a Default configuration file for 'standalone' class
) (c:/w32tex/share/texmf-dist/tex/latex/base/article.cls
Document Class: article 2018/09/03 v1.4i Standard LaTeX document class
(c:/w32tex/share/texmf-dist/tex/latex/base/size10.clo
File: size10.clo 2018/09/03 v1.4i Standard LaTeX file (size option)
)
\c@part=\count86
\c@section=\count87
\c@subsection=\count88
\c@subsubsection=\count89
\c@paragraph=\count90
\c@subparagraph=\count91
\c@figure=\count92
\c@table=\count93
\abovecaptionskip=\skip41
\belowcaptionskip=\skip42
\bibindent=\dimen118
)
\sa@box=\box43
\sa@yoffset=\skip43
) (c:/w32tex/share/texmf-dist/tex/latex/amsfonts/amssymb.sty
Package: amssymb 2013/01/14 v3.01 AMS font symbols
 (c:/w32tex/share/texmf-dist/tex/latex/amsfonts/amsfonts.sty
Package: amsfonts 2013/01/14 v3.01 Basic AMSFonts support
\@emptytoks=\toks17
\symAMSa=\mathgroup4
\symAMSb=\mathgroup5
LaTeX Font Info:    Overwriting math alphabet `\mathfrak' in version `bold'
(Font)                  U/euf/m/n --> U/euf/b/n on input line 106.
)) (c:/w32tex/share/texmf-dist/tex/latex/pgf/frontendlayer/tikz.sty (c:/w32tex/share/texmf-dist/tex/latex/pgf/basiclayer/pgf.sty (c:/w32tex/share/texmf-dist/tex/latex/pgf/utilities/pgfrcs.sty (c:/w32tex/share/texmf-dist/tex/latex/pgf_3.1.tds/tex/generic/pgf/utilities/pgfutil-common.tex
\pgfutil@everybye=\toks18
\pgfutil@tempdima=\dimen119
\pgfutil@tempdimb=\dimen120
 (c:/w32tex/share/texmf-dist/tex/latex/pgf_3.1.tds/tex/generic/pgf/utilities/pgfutil-common-lists.tex)) (c:/w32tex/share/texmf-dist/tex/latex/pgf_3.1.tds/tex/generic/pgf/utilities/pgfutil-latex.def
\pgfutil@abb=\box44
 (c:/w32tex/share/texmf-dist/tex/latex/ms/everyshi.sty
Package: everyshi 2001/05/15 v3.00 EveryShipout Package (MS)
)) (c:/w32tex/share/texmf-dist/tex/latex/pgf_3.1.tds/tex/generic/pgf/utilities/pgfrcs.code.tex (c:/w32tex/share/texmf-dist/tex/latex/pgf_3.1.tds/tex/generic/pgf/pgf.revision.tex)
Package: pgfrcs 2019/01/05 v3.1 (3.1)
))
Package: pgf 2019/01/05 v3.1 (3.1)
 (c:/w32tex/share/texmf-dist/tex/latex/pgf/basiclayer/pgfcore.sty
(c:/w32tex/share/texmf-dist/tex/latex/graphics/graphicx.sty
Package: graphicx 2017/06/01 v1.1a Enhanced LaTeX Graphics (DPC,SPQR)
 (c:/w32tex/share/texmf-dist/tex/latex/graphics/graphics.sty
Package: graphics 2017/06/25 v1.2c Standard LaTeX Graphics (DPC,SPQR)
 (c:/w32tex/share/texmf-dist/tex/latex/graphics/trig.sty
Package: trig 2016/01/03 v1.10 sin cos tan (DPC)
) (c:/w32tex/share/texmf-dist/tex/latex/graphics-cfg/graphics.cfg
File: graphics.cfg 2016/06/04 v1.11 sample graphics configuration
)
Package graphics Info: Driver file: dvips.def on input line 99.
 (c:/w32tex/share/texmf-dist/tex/latex/graphics-def/dvips.def
File: dvips.def 2017/06/20 v3.1d Graphics/color driver for dvips
))
\Gin@req@height=\dimen121
\Gin@req@width=\dimen122
) (c:/w32tex/share/texmf-dist/tex/latex/pgf/systemlayer/pgfsys.sty (c:/w32tex/share/texmf-dist/tex/latex/pgf_3.1.tds/tex/generic/pgf/systemlayer/pgfsys.code.tex
Package: pgfsys 2019/01/05 v3.1 (3.1)
 (c:/w32tex/share/texmf-dist/tex/latex/pgf_3.1.tds/tex/generic/pgf/utilities/pgfkeys.code.tex
\pgfkeys@pathtoks=\toks19
\pgfkeys@temptoks=\toks20
 (c:/w32tex/share/texmf-dist/tex/latex/pgf_3.1.tds/tex/generic/pgf/utilities/pgfkeysfiltered.code.tex
\pgfkeys@tmptoks=\toks21
))
\pgf@x=\dimen123
\pgf@y=\dimen124
\pgf@xa=\dimen125
\pgf@ya=\dimen126
\pgf@xb=\dimen127
\pgf@yb=\dimen128
\pgf@xc=\dimen129
\pgf@yc=\dimen130
\w@pgf@writea=\write3
\r@pgf@reada=\read1
\c@pgf@counta=\count94
\c@pgf@countb=\count95
\c@pgf@countc=\count96
\c@pgf@countd=\count97
\t@pgf@toka=\toks22
\t@pgf@tokb=\toks23
\t@pgf@tokc=\toks24
\pgf@sys@id@count=\count98
 (c:/w32tex/share/texmf-dist/tex/latex/pgf_3.1.tds/tex/generic/pgf/systemlayer/pgf.cfg
File: pgf.cfg 2019/01/05 v3.1 (3.1)
)
Driver file for pgf: pgfsys-dvips.def
 (c:/w32tex/share/texmf-dist/tex/latex/pgf_3.1.tds/tex/generic/pgf/systemlayer/pgfsys-dvips.def
File: pgfsys-dvips.def 2019/01/05 v3.1 (3.1)
 (c:/w32tex/share/texmf-dist/tex/latex/pgf_3.1.tds/tex/generic/pgf/systemlayer/pgfsys-common-postscript.def
File: pgfsys-common-postscript.def 2019/01/05 v3.1 (3.1)
\pgf@objectcount=\count99
)))
(c:/w32tex/share/texmf-dist/tex/latex/pgf_3.1.tds/tex/generic/pgf/systemlayer/pgfsyssoftpath.code.tex
File: pgfsyssoftpath.code.tex 2019/01/05 v3.1 (3.1)
\pgfsyssoftpath@smallbuffer@items=\count100
\pgfsyssoftpath@bigbuffer@items=\count101
) (c:/w32tex/share/texmf-dist/tex/latex/pgf_3.1.tds/tex/generic/pgf/systemlayer/pgfsysprotocol.code.tex
File: pgfsysprotocol.code.tex 2019/01/05 v3.1 (3.1)
)) (c:/w32tex/share/texmf-dist/tex/latex/xcolor/xcolor.sty
Package: xcolor 2016/05/11 v2.12 LaTeX color extensions (UK)
 (c:/w32tex/share/texmf-dist/tex/latex/graphics-cfg/color.cfg
File: color.cfg 2016/01/02 v1.6 sample color configuration
)
Package xcolor Info: Driver file: dvips.def on input line 225.
Package xcolor Info: Model `cmy' substituted by `cmy0' on input line 1348.
Package xcolor Info: Model `RGB' extended on input line 1364.
Package xcolor Info: Model `HTML' substituted by `rgb' on input line 1366.
Package xcolor Info: Model `Hsb' substituted by `hsb' on input line 1367.
Package xcolor Info: Model `tHsb' substituted by `hsb' on input line 1368.
Package xcolor Info: Model `HSB' substituted by `hsb' on input line 1369.
Package xcolor Info: Model `Gray' substituted by `gray' on input line 1370.
Package xcolor Info: Model `wave' substituted by `hsb' on input line 1371.
) (c:/w32tex/share/texmf-dist/tex/latex/pgf_3.1.tds/tex/generic/pgf/basiclayer/pgfcore.code.tex
Package: pgfcore 2019/01/05 v3.1 (3.1)
 (c:/w32tex/share/texmf-dist/tex/latex/pgf_3.1.tds/tex/generic/pgf/math/pgfmath.code.tex (c:/w32tex/share/texmf-dist/tex/latex/pgf_3.1.tds/tex/generic/pgf/math/pgfmathcalc.code.tex (c:/w32tex/share/texmf-dist/tex/latex/pgf_3.1.tds/tex/generic/pgf/math/pgfmathutil.code.tex) (c:/w32tex/share/texmf-dist/tex/latex/pgf_3.1.tds/tex/generic/pgf/math/pgfmathparser.code.tex
\pgfmath@dimen=\dimen131
\pgfmath@count=\count102
\pgfmath@box=\box45
\pgfmath@toks=\toks25
\pgfmath@stack@operand=\toks26
\pgfmath@stack@operation=\toks27
) (c:/w32tex/share/texmf-dist/tex/latex/pgf_3.1.tds/tex/generic/pgf/math/pgfmathfunctions.code.tex (c:/w32tex/share/texmf-dist/tex/latex/pgf_3.1.tds/tex/generic/pgf/math/pgfmathfunctions.basic.code.tex)
(c:/w32tex/share/texmf-dist/tex/latex/pgf_3.1.tds/tex/generic/pgf/math/pgfmathfunctions.trigonometric.code.tex) (c:/w32tex/share/texmf-dist/tex/latex/pgf_3.1.tds/tex/generic/pgf/math/pgfmathfunctions.random.code.tex) (c:/w32tex/share/texmf-dist/tex/latex/pgf_3.1.tds/tex/generic/pgf/math/pgfmathfunctions.comparison.code.tex) (c:/w32tex/share/texmf-dist/tex/latex/pgf_3.1.tds/tex/generic/pgf/math/pgfmathfunctions.base.code.tex) (c:/w32tex/share/texmf-dist/tex/latex/pgf_3.1.tds/tex/generic/pgf/math/pgfmathfunctions.round.code.tex) (c:/w32tex/share/texmf-dist/tex/latex/pgf_3.1.tds/tex/generic/pgf/math/pgfmathfunctions.misc.code.tex) (c:/w32tex/share/texmf-dist/tex/latex/pgf_3.1.tds/tex/generic/pgf/math/pgfmathfunctions.integerarithmetics.code.tex))) (c:/w32tex/share/texmf-dist/tex/latex/pgf_3.1.tds/tex/generic/pgf/math/pgfmathfloat.code.tex
\c@pgfmathroundto@lastzeros=\count103
)) (c:/w32tex/share/texmf-dist/tex/latex/pgf_3.1.tds/tex/generic/pgf/basiclayer/pgfcorepoints.code.tex
File: pgfcorepoints.code.tex 2019/01/05 v3.1 (3.1)
\pgf@picminx=\dimen132
\pgf@picmaxx=\dimen133
\pgf@picminy=\dimen134
\pgf@picmaxy=\dimen135
\pgf@pathminx=\dimen136
\pgf@pathmaxx=\dimen137
\pgf@pathminy=\dimen138
\pgf@pathmaxy=\dimen139
\pgf@xx=\dimen140
\pgf@xy=\dimen141
\pgf@yx=\dimen142
\pgf@yy=\dimen143
\pgf@zx=\dimen144
\pgf@zy=\dimen145
)
(c:/w32tex/share/texmf-dist/tex/latex/pgf_3.1.tds/tex/generic/pgf/basiclayer/pgfcorepathconstruct.code.tex
File: pgfcorepathconstruct.code.tex 2019/01/05 v3.1 (3.1)
\pgf@path@lastx=\dimen146
\pgf@path@lasty=\dimen147
) (c:/w32tex/share/texmf-dist/tex/latex/pgf_3.1.tds/tex/generic/pgf/basiclayer/pgfcorepathusage.code.tex
File: pgfcorepathusage.code.tex 2019/01/05 v3.1 (3.1)
\pgf@shorten@end@additional=\dimen148
\pgf@shorten@start@additional=\dimen149
) (c:/w32tex/share/texmf-dist/tex/latex/pgf_3.1.tds/tex/generic/pgf/basiclayer/pgfcorescopes.code.tex
File: pgfcorescopes.code.tex 2019/01/05 v3.1 (3.1)
\pgfpic=\box46
\pgf@hbox=\box47
\pgf@layerbox@main=\box48
\pgf@picture@serial@count=\count104
) (c:/w32tex/share/texmf-dist/tex/latex/pgf_3.1.tds/tex/generic/pgf/basiclayer/pgfcoregraphicstate.code.tex
File: pgfcoregraphicstate.code.tex 2019/01/05 v3.1 (3.1)
\pgflinewidth=\dimen150
) (c:/w32tex/share/texmf-dist/tex/latex/pgf_3.1.tds/tex/generic/pgf/basiclayer/pgfcoretransformations.code.tex
File: pgfcoretransformations.code.tex 2019/01/05 v3.1 (3.1)
\pgf@pt@x=\dimen151
\pgf@pt@y=\dimen152
\pgf@pt@temp=\dimen153
) (c:/w32tex/share/texmf-dist/tex/latex/pgf_3.1.tds/tex/generic/pgf/basiclayer/pgfcorequick.code.tex
File: pgfcorequick.code.tex 2019/01/05 v3.1 (3.1)
) (c:/w32tex/share/texmf-dist/tex/latex/pgf_3.1.tds/tex/generic/pgf/basiclayer/pgfcoreobjects.code.tex
File: pgfcoreobjects.code.tex 2019/01/05 v3.1 (3.1)
) (c:/w32tex/share/texmf-dist/tex/latex/pgf_3.1.tds/tex/generic/pgf/basiclayer/pgfcorepathprocessing.code.tex
File: pgfcorepathprocessing.code.tex 2019/01/05 v3.1 (3.1)
) (c:/w32tex/share/texmf-dist/tex/latex/pgf_3.1.tds/tex/generic/pgf/basiclayer/pgfcorearrows.code.tex
File: pgfcorearrows.code.tex 2019/01/05 v3.1 (3.1)
\pgfarrowsep=\dimen154
)
(c:/w32tex/share/texmf-dist/tex/latex/pgf_3.1.tds/tex/generic/pgf/basiclayer/pgfcoreshade.code.tex
File: pgfcoreshade.code.tex 2019/01/05 v3.1 (3.1)
\pgf@max=\dimen155
\pgf@sys@shading@range@num=\count105
) (c:/w32tex/share/texmf-dist/tex/latex/pgf_3.1.tds/tex/generic/pgf/basiclayer/pgfcoreimage.code.tex
File: pgfcoreimage.code.tex 2019/01/05 v3.1 (3.1)
 (c:/w32tex/share/texmf-dist/tex/latex/pgf_3.1.tds/tex/generic/pgf/basiclayer/pgfcoreexternal.code.tex
File: pgfcoreexternal.code.tex 2019/01/05 v3.1 (3.1)
\pgfexternal@startupbox=\box49
)) (c:/w32tex/share/texmf-dist/tex/latex/pgf_3.1.tds/tex/generic/pgf/basiclayer/pgfcorelayers.code.tex
File: pgfcorelayers.code.tex 2019/01/05 v3.1 (3.1)
) (c:/w32tex/share/texmf-dist/tex/latex/pgf_3.1.tds/tex/generic/pgf/basiclayer/pgfcoretransparency.code.tex
File: pgfcoretransparency.code.tex 2019/01/05 v3.1 (3.1)
) (c:/w32tex/share/texmf-dist/tex/latex/pgf_3.1.tds/tex/generic/pgf/basiclayer/pgfcorepatterns.code.tex
File: pgfcorepatterns.code.tex 2019/01/05 v3.1 (3.1)
) (c:/w32tex/share/texmf-dist/tex/latex/pgf_3.1.tds/tex/generic/pgf/basiclayer/pgfcorerdf.code.tex
File: pgfcorerdf.code.tex 2019/01/05 v3.1 (3.1)
))) (c:/w32tex/share/texmf-dist/tex/latex/pgf_3.1.tds/tex/generic/pgf/modules/pgfmoduleshapes.code.tex
File: pgfmoduleshapes.code.tex 2019/01/05 v3.1 (3.1)
\pgfnodeparttextbox=\box50
) (c:/w32tex/share/texmf-dist/tex/latex/pgf_3.1.tds/tex/generic/pgf/modules/pgfmoduleplot.code.tex
File: pgfmoduleplot.code.tex 2019/01/05 v3.1 (3.1)
) (c:/w32tex/share/texmf-dist/tex/latex/pgf/compatibility/pgfcomp-version-0-65.sty
Package: pgfcomp-version-0-65 2019/01/05 v3.1 (3.1)
\pgf@nodesepstart=\dimen156
\pgf@nodesepend=\dimen157
)
(c:/w32tex/share/texmf-dist/tex/latex/pgf/compatibility/pgfcomp-version-1-18.sty
Package: pgfcomp-version-1-18 2019/01/05 v3.1 (3.1)
)) (c:/w32tex/share/texmf-dist/tex/latex/pgf/utilities/pgffor.sty (c:/w32tex/share/texmf-dist/tex/latex/pgf/utilities/pgfkeys.sty (c:/w32tex/share/texmf-dist/tex/latex/pgf_3.1.tds/tex/generic/pgf/utilities/pgfkeys.code.tex)) (c:/w32tex/share/texmf-dist/tex/latex/pgf/math/pgfmath.sty (c:/w32tex/share/texmf-dist/tex/latex/pgf_3.1.tds/tex/generic/pgf/math/pgfmath.code.tex)) (c:/w32tex/share/texmf-dist/tex/latex/pgf_3.1.tds/tex/generic/pgf/utilities/pgffor.code.tex
Package: pgffor 2019/01/05 v3.1 (3.1)
 (c:/w32tex/share/texmf-dist/tex/latex/pgf_3.1.tds/tex/generic/pgf/math/pgfmath.code.tex)
\pgffor@iter=\dimen158
\pgffor@skip=\dimen159
\pgffor@stack=\toks28
\pgffor@toks=\toks29
)) (c:/w32tex/share/texmf-dist/tex/latex/pgf_3.1.tds/tex/generic/pgf/frontendlayer/tikz/tikz.code.tex
Package: tikz 2019/01/05 v3.1 (3.1)
 (c:/w32tex/share/texmf-dist/tex/latex/pgf_3.1.tds/tex/generic/pgf/libraries/pgflibraryplothandlers.code.tex
File: pgflibraryplothandlers.code.tex 2019/01/05 v3.1 (3.1)
\pgf@plot@mark@count=\count106
\pgfplotmarksize=\dimen160
)
\tikz@lastx=\dimen161
\tikz@lasty=\dimen162
\tikz@lastxsaved=\dimen163
\tikz@lastysaved=\dimen164
\tikzleveldistance=\dimen165
\tikzsiblingdistance=\dimen166
\tikz@figbox=\box51
\tikz@figbox@bg=\box52
\tikz@tempbox=\box53
\tikz@tempbox@bg=\box54
\tikztreelevel=\count107
\tikznumberofchildren=\count108
\tikznumberofcurrentchild=\count109
\tikz@fig@count=\count110
 (c:/w32tex/share/texmf-dist/tex/latex/pgf_3.1.tds/tex/generic/pgf/modules/pgfmodulematrix.code.tex
File: pgfmodulematrix.code.tex 2019/01/05 v3.1 (3.1)
\pgfmatrixcurrentrow=\count111
\pgfmatrixcurrentcolumn=\count112
\pgf@matrix@numberofcolumns=\count113
)
\tikz@expandcount=\count114

(c:/w32tex/share/texmf-dist/tex/latex/pgf_3.1.tds/tex/generic/pgf/frontendlayer/tikz/libraries/tikzlibrarytopaths.code.tex
File: tikzlibrarytopaths.code.tex 2019/01/05 v3.1 (3.1)
))) (c:/w32tex/share/texmf-dist/tex/latex/pgf_3.1.tds/tex/generic/pgf/frontendlayer/tikz/libraries/tikzlibraryarrows.code.tex
File: tikzlibraryarrows.code.tex 2019/01/05 v3.1 (3.1)
 (c:/w32tex/share/texmf-dist/tex/latex/pgf_3.1.tds/tex/generic/pgf/libraries/pgflibraryarrows.code.tex
File: pgflibraryarrows.code.tex 2019/01/05 v3.1 (3.1)
\arrowsize=\dimen167
)) (c:/w32tex/share/texmf-dist/tex/latex/pgf_3.1.tds/tex/generic/pgf/frontendlayer/tikz/libraries/tikzlibraryautomata.code.tex
File: tikzlibraryautomata.code.tex 2019/01/05 v3.1 (3.1)
 (c:/w32tex/share/texmf-dist/tex/latex/pgf_3.1.tds/tex/generic/pgf/frontendlayer/tikz/libraries/tikzlibraryshapes.multipart.code.tex
File: tikzlibraryshapes.multipart.code.tex 2019/01/05 v3.1 (3.1)
 (c:/w32tex/share/texmf-dist/tex/latex/pgf_3.1.tds/tex/generic/pgf/libraries/shapes/pgflibraryshapes.multipart.code.tex
File: pgflibraryshapes.multipart.code.tex 2019/01/05 v3.1 (3.1)
\pgfnodepartlowerbox=\box55
\pgfnodeparttwobox=\box56
\pgfnodepartthreebox=\box57
\pgfnodepartfourbox=\box58
\pgfnodeparttwentybox=\box59
\pgfnodepartnineteenbox=\box60
\pgfnodeparteighteenbox=\box61
\pgfnodepartseventeenbox=\box62
\pgfnodepartsixteenbox=\box63
\pgfnodepartfifteenbox=\box64
\pgfnodepartfourteenbox=\box65
\pgfnodepartthirteenbox=\box66
\pgfnodeparttwelvebox=\box67
\pgfnodepartelevenbox=\box68
\pgfnodeparttenbox=\box69
\pgfnodepartninebox=\box70
\pgfnodeparteightbox=\box71
\pgfnodepartsevenbox=\box72
\pgfnodepartsixbox=\box73
\pgfnodepartfivebox=\box74
))) (c:/w32tex/share/texmf-dist/tex/latex/pgf_3.1.tds/tex/generic/pgf/frontendlayer/tikz/libraries/tikzlibrarypositioning.code.tex
File: tikzlibrarypositioning.code.tex 2019/01/05 v3.1 (3.1)
) (c:/w32tex/share/texmf-dist/tex/latex/pgf_3.1.tds/tex/generic/pgf/frontendlayer/tikz/libraries/tikzlibraryshapes.code.tex
File: tikzlibraryshapes.code.tex 2019/01/05 v3.1 (3.1)

(c:/w32tex/share/texmf-dist/tex/latex/pgf_3.1.tds/tex/generic/pgf/frontendlayer/tikz/libraries/tikzlibraryshapes.geometric.code.tex
File: tikzlibraryshapes.geometric.code.tex 2019/01/05 v3.1 (3.1)
 (c:/w32tex/share/texmf-dist/tex/latex/pgf_3.1.tds/tex/generic/pgf/libraries/shapes/pgflibraryshapes.geometric.code.tex
File: pgflibraryshapes.geometric.code.tex 2019/01/05 v3.1 (3.1)
)) (c:/w32tex/share/texmf-dist/tex/latex/pgf_3.1.tds/tex/generic/pgf/frontendlayer/tikz/libraries/tikzlibraryshapes.misc.code.tex
File: tikzlibraryshapes.misc.code.tex 2019/01/05 v3.1 (3.1)
 (c:/w32tex/share/texmf-dist/tex/latex/pgf_3.1.tds/tex/generic/pgf/libraries/shapes/pgflibraryshapes.misc.code.tex
File: pgflibraryshapes.misc.code.tex 2019/01/05 v3.1 (3.1)
)) (c:/w32tex/share/texmf-dist/tex/latex/pgf_3.1.tds/tex/generic/pgf/frontendlayer/tikz/libraries/tikzlibraryshapes.symbols.code.tex
File: tikzlibraryshapes.symbols.code.tex 2019/01/05 v3.1 (3.1)
 (c:/w32tex/share/texmf-dist/tex/latex/pgf_3.1.tds/tex/generic/pgf/libraries/shapes/pgflibraryshapes.symbols.code.tex
File: pgflibraryshapes.symbols.code.tex 2019/01/05 v3.1 (3.1)
)) (c:/w32tex/share/texmf-dist/tex/latex/pgf_3.1.tds/tex/generic/pgf/frontendlayer/tikz/libraries/tikzlibraryshapes.arrows.code.tex
File: tikzlibraryshapes.arrows.code.tex 2019/01/05 v3.1 (3.1)
 (c:/w32tex/share/texmf-dist/tex/latex/pgf_3.1.tds/tex/generic/pgf/libraries/shapes/pgflibraryshapes.arrows.code.tex
File: pgflibraryshapes.arrows.code.tex 2019/01/05 v3.1 (3.1)
))
(c:/w32tex/share/texmf-dist/tex/latex/pgf_3.1.tds/tex/generic/pgf/frontendlayer/tikz/libraries/tikzlibraryshapes.callouts.code.tex (c:/w32tex/share/texmf-dist/tex/latex/pgf_3.1.tds/tex/generic/pgf/libraries/shapes/pgflibraryshapes.callouts.code.tex))) (c:/w32tex/share/texmf-dist/tex/latex/pgf_3.1.tds/tex/generic/pgf/libraries/pgflibraryarrows.meta.code.tex
File: pgflibraryarrows.meta.code.tex 2019/01/05 v3.1 (3.1)
\pgfarrowinset=\dimen168
\pgfarrowlength=\dimen169
\pgfarrowwidth=\dimen170
\pgfarrowlinewidth=\dimen171
) (./counterexample_ldbga.aux)
\openout1 = `counterexample_ldbga.aux'.

LaTeX Font Info:    Checking defaults for OML/cmm/m/it on input line 8.
LaTeX Font Info:    ... okay on input line 8.
LaTeX Font Info:    Checking defaults for T1/cmr/m/n on input line 8.
LaTeX Font Info:    ... okay on input line 8.
LaTeX Font Info:    Checking defaults for OT1/cmr/m/n on input line 8.
LaTeX Font Info:    ... okay on input line 8.
LaTeX Font Info:    Checking defaults for OMS/cmsy/m/n on input line 8.
LaTeX Font Info:    ... okay on input line 8.
LaTeX Font Info:    Checking defaults for OMX/cmex/m/n on input line 8.
LaTeX Font Info:    ... okay on input line 8.
LaTeX Font Info:    Checking defaults for U/cmr/m/n on input line 8.
LaTeX Font Info:    ... okay on input line 8.
LaTeX Font Info:    Checking defaults for JY1/mc/m/n on input line 8.
LaTeX Font Info:    ... okay on input line 8.
LaTeX Font Info:    Checking defaults for JT1/mc/m/n on input line 8.
LaTeX Font Info:    ... okay on input line 8.
 ABD: EveryShipout initializing macros
Missing character: There is no ; in font nullfont!
LaTeX Font Info:    Try loading font information for U+msa on input line 21.
 (c:/w32tex/share/texmf-dist/tex/latex/amsfonts/umsa.fd
File: umsa.fd 2013/01/14 v3.01 AMS symbols A
)
LaTeX Font Info:    Try loading font information for U+msb on input line 21.
 (c:/w32tex/share/texmf-dist/tex/latex/amsfonts/umsb.fd
File: umsb.fd 2013/01/14 v3.01 AMS symbols B
) [1

] (./counterexample_ldbga.aux) ) 
Here is how much of TeX's memory you used:
 14322 strings out of 493215
 319826 string characters out of 6145921
 387769 words of memory out of 5000000
 18052 multiletter control sequences out of 15000+600000
 12775 words of font info for 53 fonts, out of 8000000 for 9000
 929 hyphenation exceptions out of 8191
 55i,9n,71p,455b,994s stack positions out of 5000i,500n,10000p,500000b,80000s

Output written on counterexample_ldbga.dvi (1 page, 15920 bytes).
