This is pdfTeX, Version 3.14159265-2.6-1.40.20 (TeX Live 2019/W32TeX) (preloaded format=pdflatex 2019.8.14)  9 DEC 2019 16:07
entering extended mode
 restricted \write18 enabled.
 file:line:error style messages enabled.
 %&-line parsing enabled.
**main_ieee_all_revised.tex
(./main_ieee_all_revised.tex
LaTeX2e <2018-12-01>
(./ieeeconf.cls

LaTeX Warning: You have requested document class `ieeeconf',
               but the document class provides `cssconf'.

Document Class: cssconf 2004/1/15 revision V1.6b by Pradeep Misra
\@IEEEtrantmpdimenA=\dimen102
\@IEEEtrantmpdimenB=\dimen103
\@IEEEtrantmpcountA=\count80
\@IEEEtrantmpcountB=\count81
\@IEEEtrantmptoksA=\toks14
LaTeX Font Info:    Try loading font information for OT1+ptm on input line 794.
(c:/w32tex/share/texmf-dist/tex/latex/psnfss/ot1ptm.fd
File: ot1ptm.fd 2001/06/04 font definitions for OT1/ptm.
)
\@IEEEnormalsizefontbaselineskip=\skip41

-- This is a 10 point document.
\normalsizebaselineskip=\skip42
\normaljot=\skip43
LaTeX Font Info:    Font shape `OT1/ptm/bx/n' in size <5> not available
(Font)              Font shape `OT1/ptm/b/n' tried instead on input line 1113.
LaTeX Font Info:    Font shape `OT1/ptm/bx/it' in size <5> not available
(Font)              Font shape `OT1/ptm/b/it' tried instead on input line 1113.
LaTeX Font Info:    Font shape `OT1/ptm/bx/n' in size <7> not available
(Font)              Font shape `OT1/ptm/b/n' tried instead on input line 1113.
LaTeX Font Info:    Font shape `OT1/ptm/bx/it' in size <7> not available
(Font)              Font shape `OT1/ptm/b/it' tried instead on input line 1113.
LaTeX Font Info:    Font shape `OT1/ptm/bx/n' in size <8> not available
(Font)              Font shape `OT1/ptm/b/n' tried instead on input line 1113.
LaTeX Font Info:    Font shape `OT1/ptm/bx/it' in size <8> not available
(Font)              Font shape `OT1/ptm/b/it' tried instead on input line 1113.
LaTeX Font Info:    Font shape `OT1/ptm/bx/n' in size <9> not available
(Font)              Font shape `OT1/ptm/b/n' tried instead on input line 1113.
LaTeX Font Info:    Font shape `OT1/ptm/bx/it' in size <9> not available
(Font)              Font shape `OT1/ptm/b/it' tried instead on input line 1113.
LaTeX Font Info:    Font shape `OT1/ptm/bx/n' in size <10> not available
(Font)              Font shape `OT1/ptm/b/n' tried instead on input line 1113.
LaTeX Font Info:    Font shape `OT1/ptm/bx/it' in size <10> not available
(Font)              Font shape `OT1/ptm/b/it' tried instead on input line 1113.
LaTeX Font Info:    Font shape `OT1/ptm/bx/n' in size <11> not available
(Font)              Font shape `OT1/ptm/b/n' tried instead on input line 1113.
LaTeX Font Info:    Font shape `OT1/ptm/bx/it' in size <11> not available
(Font)              Font shape `OT1/ptm/b/it' tried instead on input line 1113.
LaTeX Font Info:    Font shape `OT1/ptm/bx/n' in size <12> not available
(Font)              Font shape `OT1/ptm/b/n' tried instead on input line 1113.
LaTeX Font Info:    Font shape `OT1/ptm/bx/it' in size <12> not available
(Font)              Font shape `OT1/ptm/b/it' tried instead on input line 1113.
LaTeX Font Info:    Font shape `OT1/ptm/bx/n' in size <16> not available
(Font)              Font shape `OT1/ptm/b/n' tried instead on input line 1113.
LaTeX Font Info:    Font shape `OT1/ptm/bx/it' in size <16> not available
(Font)              Font shape `OT1/ptm/b/it' tried instead on input line 1113.
LaTeX Font Info:    Font shape `OT1/ptm/bx/n' in size <20> not available
(Font)              Font shape `OT1/ptm/b/n' tried instead on input line 1113.
LaTeX Font Info:    Font shape `OT1/ptm/bx/it' in size <20> not available
(Font)              Font shape `OT1/ptm/b/it' tried instead on input line 1113.
LaTeX Font Info:    Font shape `OT1/ptm/bx/n' in size <24> not available
(Font)              Font shape `OT1/ptm/b/n' tried instead on input line 1113.
LaTeX Font Info:    Font shape `OT1/ptm/bx/it' in size <24> not available
(Font)              Font shape `OT1/ptm/b/it' tried instead on input line 1113.
\IEEEilabelindentA=\dimen104
\IEEEilabelindentB=\dimen105
\IEEEilabelindent=\dimen106
\IEEEelabelindent=\dimen107
\IEEEdlabelindent=\dimen108
\labelindent=\dimen109
\IEEEiednormlabelsep=\dimen110
\IEEEiedmathlabelsep=\dimen111
\IEEEiedtopsep=\skip44
\c@section=\count82
\c@subsection=\count83
\c@subsubsection=\count84
\c@paragraph=\count85
\c@IEEEsubequation=\count86
\abovecaptionskip=\skip45
\belowcaptionskip=\skip46
\c@figure=\count87
\c@table=\count88
\@IEEEeqnnumcols=\count89
\@IEEEeqncolcnt=\count90
\@IEEEtmpitemindent=\dimen112
\c@biography=\count91
\@IEEEtranrubishbin=\box27
)
** ATTENTION: Overriding command lockouts (line 9).
** ATTENTION: Overriding IEEE standard margins (line 12).
(c:/w32tex/share/texmf-dist/tex/latex/amsfonts/amsfonts.sty
Package: amsfonts 2013/01/14 v3.01 Basic AMSFonts support
\@emptytoks=\toks15
\symAMSa=\mathgroup4
\symAMSb=\mathgroup5
LaTeX Font Info:    Overwriting math alphabet `\mathfrak' in version `bold'
(Font)                  U/euf/m/n --> U/euf/b/n on input line 106.
) (c:/w32tex/share/texmf-dist/tex/latex/amsmath/amsmath.sty
Package: amsmath 2018/12/01 v2.17b AMS math features
\@mathmargin=\skip47

For additional information on amsmath, use the `?' option.
(c:/w32tex/share/texmf-dist/tex/latex/amsmath/amstext.sty
Package: amstext 2000/06/29 v2.01 AMS text
 (c:/w32tex/share/texmf-dist/tex/latex/amsmath/amsgen.sty
File: amsgen.sty 1999/11/30 v2.0 generic functions
\@emptytoks=\toks16
\ex@=\dimen113
)) (c:/w32tex/share/texmf-dist/tex/latex/amsmath/amsbsy.sty
Package: amsbsy 1999/11/29 v1.2d Bold Symbols
\pmbraise@=\dimen114
) (c:/w32tex/share/texmf-dist/tex/latex/amsmath/amsopn.sty
Package: amsopn 2016/03/08 v2.02 operator names
)
\inf@bad=\count92
LaTeX Info: Redefining \frac on input line 223.
\uproot@=\count93
\leftroot@=\count94
LaTeX Info: Redefining \overline on input line 385.
\classnum@=\count95
\DOTSCASE@=\count96
LaTeX Info: Redefining \ldots on input line 482.
LaTeX Info: Redefining \dots on input line 485.
LaTeX Info: Redefining \cdots on input line 606.
\Mathstrutbox@=\box28
\strutbox@=\box29
\big@size=\dimen115
LaTeX Font Info:    Redeclaring font encoding OML on input line 729.
LaTeX Font Info:    Redeclaring font encoding OMS on input line 730.
\macc@depth=\count97
\c@MaxMatrixCols=\count98
\dotsspace@=\muskip10
\c@parentequation=\count99
\dspbrk@lvl=\count100
\tag@help=\toks17
\row@=\count101
\column@=\count102
\maxfields@=\count103
\andhelp@=\toks18
\eqnshift@=\dimen116
\alignsep@=\dimen117
\tagshift@=\dimen118
\tagwidth@=\dimen119
\totwidth@=\dimen120
\lineht@=\dimen121
\@envbody=\toks19
\multlinegap=\skip48
\multlinetaggap=\skip49
\mathdisplay@stack=\toks20
LaTeX Info: Redefining \[ on input line 2844.
LaTeX Info: Redefining \] on input line 2845.
) (c:/w32tex/share/texmf-dist/tex/latex/amsfonts/amssymb.sty
Package: amssymb 2013/01/14 v3.01 AMS font symbols
) (c:/w32tex/share/texmf-dist/tex/latex/tools/bm.sty
Package: bm 2017/01/16 v1.2c Bold Symbol Support (DPC/FMi)
\symboldoperators=\mathgroup6
\symboldletters=\mathgroup7
\symboldsymbols=\mathgroup8
LaTeX Font Info:    Redeclaring math alphabet \mathbf on input line 141.
LaTeX Info: Redefining \bm on input line 207.
) (c:/w32tex/share/texmf-dist/tex/latex/float/float.sty
Package: float 2001/11/08 v1.3d Float enhancements (AL)
\c@float@type=\count104
\float@exts=\toks21
\float@box=\box30
\@float@everytoks=\toks22
\@floatcapt=\box31
) (c:/w32tex/share/texmf-dist/tex/latex/graphics/graphicx.sty
Package: graphicx 2017/06/01 v1.1a Enhanced LaTeX Graphics (DPC,SPQR)
 (c:/w32tex/share/texmf-dist/tex/latex/graphics/keyval.sty
Package: keyval 2014/10/28 v1.15 key=value parser (DPC)
\KV@toks@=\toks23
) (c:/w32tex/share/texmf-dist/tex/latex/graphics/graphics.sty
Package: graphics 2017/06/25 v1.2c Standard LaTeX Graphics (DPC,SPQR)
 (c:/w32tex/share/texmf-dist/tex/latex/graphics/trig.sty
Package: trig 2016/01/03 v1.10 sin cos tan (DPC)
) (c:/w32tex/share/texmf-dist/tex/latex/graphics-cfg/graphics.cfg
File: graphics.cfg 2016/06/04 v1.11 sample graphics configuration
)
Package graphics Info: Driver file: pdftex.def on input line 99.
 (c:/w32tex/share/texmf-dist/tex/latex/graphics-def/pdftex.def
File: pdftex.def 2018/01/08 v1.0l Graphics/color driver for pdftex
))
\Gin@req@height=\dimen122
\Gin@req@width=\dimen123
) (c:/w32tex/share/texmf-dist/tex/latex/graphics/color.sty
Package: color 2016/07/10 v1.1e Standard LaTeX Color (DPC)
 (c:/w32tex/share/texmf-dist/tex/latex/graphics-cfg/color.cfg
File: color.cfg 2016/01/02 v1.6 sample color configuration
)
Package color Info: Driver file: pdftex.def on input line 147.
) (c:/w32tex/share/texmf-dist/tex/latex/algorithms/algorithm.sty
Package: algorithm 2009/08/24 v0.1 Document Style `algorithm' - floating environment

(c:/w32tex/share/texmf-dist/tex/latex/base/ifthen.sty
Package: ifthen 2014/09/29 v1.1c Standard LaTeX ifthen package (DPC)
)
\@float@every@algorithm=\toks24
\c@algorithm=\count105
) (c:/w32tex/share/texmf-dist/tex/latex/algorithms/algorithmic.sty
Package: algorithmic 2009/08/24 v0.1 Document Style `algorithmic'
\c@ALC@unique=\count106
\c@ALC@line=\count107
\c@ALC@rem=\count108
\c@ALC@depth=\count109
\ALC@tlm=\skip50
\algorithmicindent=\skip51
) (c:/w32tex/share/texmf-dist/tex/latex/listings/listings.sty
\lst@mode=\count110
\lst@gtempboxa=\box32
\lst@token=\toks25
\lst@length=\count111
\lst@currlwidth=\dimen124
\lst@column=\count112
\lst@pos=\count113
\lst@lostspace=\dimen125
\lst@width=\dimen126
\lst@newlines=\count114
\lst@lineno=\count115
\lst@maxwidth=\dimen127
 (c:/w32tex/share/texmf-dist/tex/latex/listings/lstmisc.sty
File: lstmisc.sty 2019/09/10 1.8c (Carsten Heinz)
\c@lstnumber=\count116
\lst@skipnumbers=\count117
\lst@framebox=\box33
) (c:/w32tex/share/texmf-dist/tex/latex/listings/listings.cfg
File: listings.cfg 2019/09/10 1.8c listings configuration
))
Package: listings 2019/09/10 1.8c (Carsten Heinz)
 (c:/w32tex/share/texmf-dist/tex/latex/comment/comment.sty
\CommentStream=\write3
 Excluding comment 'comment') (c:/w32tex/share/texmf-dist/tex/latex/cite/cite.sty
LaTeX Info: Redefining \cite on input line 302.
LaTeX Info: Redefining \nocite on input line 332.
Package: cite 2015/02/27  v 5.5
)
\c@theorem=\count118
\c@corollary=\count119
\c@lemma=\count120
\c@prop=\count121
\c@definition=\count122
 (./main_ieee_all_revised.aux)
\openout1 = `main_ieee_all_revised.aux'.

LaTeX Font Info:    Checking defaults for OML/cmm/m/it on input line 71.
LaTeX Font Info:    ... okay on input line 71.
LaTeX Font Info:    Checking defaults for T1/cmr/m/n on input line 71.
LaTeX Font Info:    ... okay on input line 71.
LaTeX Font Info:    Checking defaults for OT1/cmr/m/n on input line 71.
LaTeX Font Info:    ... okay on input line 71.
LaTeX Font Info:    Checking defaults for OMS/cmsy/m/n on input line 71.
LaTeX Font Info:    ... okay on input line 71.
LaTeX Font Info:    Checking defaults for OMX/cmex/m/n on input line 71.
LaTeX Font Info:    ... okay on input line 71.
LaTeX Font Info:    Checking defaults for U/cmr/m/n on input line 71.
LaTeX Font Info:    ... okay on input line 71.
 (c:/w32tex/share/texmf-dist/tex/context/base/mkii/supp-pdf.mkii
[Loading MPS to PDF converter (version 2006.09.02).]
\scratchcounter=\count123
\scratchdimen=\dimen128
\scratchbox=\box34
\nofMPsegments=\count124
\nofMParguments=\count125
\everyMPshowfont=\toks26
\MPscratchCnt=\count126
\MPscratchDim=\dimen129
\MPnumerator=\count127
\makeMPintoPDFobject=\count128
\everyMPtoPDFconversion=\toks27
) (c:/w32tex/share/texmf-dist/tex/latex/oberdiek/epstopdf-base.sty
Package: epstopdf-base 2016/05/15 v2.6 Base part for package epstopdf
 (c:/w32tex/share/texmf-dist/tex/generic/oberdiek/infwarerr.sty
Package: infwarerr 2016/05/16 v1.4 Providing info/warning/error messages (HO)
) (c:/w32tex/share/texmf-dist/tex/latex/oberdiek/grfext.sty
Package: grfext 2016/05/16 v1.2 Manage graphics extensions (HO)
 (c:/w32tex/share/texmf-dist/tex/generic/oberdiek/kvdefinekeys.sty
Package: kvdefinekeys 2016/05/16 v1.4 Define keys (HO)
 (c:/w32tex/share/texmf-dist/tex/generic/oberdiek/ltxcmds.sty
Package: ltxcmds 2016/05/16 v1.23 LaTeX kernel commands for general use (HO)
))) (c:/w32tex/share/texmf-dist/tex/latex/oberdiek/kvoptions.sty
Package: kvoptions 2016/05/16 v3.12 Key value format for package options (HO)
 (c:/w32tex/share/texmf-dist/tex/generic/oberdiek/kvsetkeys.sty
Package: kvsetkeys 2016/05/16 v1.17 Key value parser (HO)
 (c:/w32tex/share/texmf-dist/tex/generic/oberdiek/etexcmds.sty
Package: etexcmds 2016/05/16 v1.6 Avoid name clashes with e-TeX commands (HO)
 (c:/w32tex/share/texmf-dist/tex/generic/oberdiek/ifluatex.sty
Package: ifluatex 2016/05/16 v1.4 Provides the ifluatex switch (HO)
Package ifluatex Info: LuaTeX not detected.
)))) (c:/w32tex/share/texmf-dist/tex/generic/oberdiek/pdftexcmds.sty
Package: pdftexcmds 2019/07/25 v0.30 Utility functions of pdfTeX for LuaTeX (HO)
 (c:/w32tex/share/texmf-dist/tex/generic/oberdiek/ifpdf.sty
Package: ifpdf 2018/09/07 v3.3 Provides the ifpdf switch
)
Package pdftexcmds Info: LuaTeX not detected.
Package pdftexcmds Info: \pdf@primitive is available.
Package pdftexcmds Info: \pdf@ifprimitive is available.
Package pdftexcmds Info: \pdfdraftmode found.
)
Package epstopdf-base Info: Redefining graphics rule for `.eps' on input line 438.
Package grfext Info: Graphics extension search list:
(grfext)             [.pdf,.png,.jpg,.mps,.jpeg,.jbig2,.jb2,.PDF,.PNG,.JPG,.JPEG,.JBIG2,.JB2,.eps]
(grfext)             \AppendGraphicsExtensions on input line 456.
 (c:/w32tex/share/texmf-dist/tex/latex/config/epstopdf-sys.cfg
File: epstopdf-sys.cfg 2010/07/13 v1.3 Configuration of (r)epstopdf for TeX Live
))
\c@lstlisting=\count129
LaTeX Font Info:    Try loading font information for U+msa on input line 73.
 (c:/w32tex/share/texmf-dist/tex/latex/amsfonts/umsa.fd
File: umsa.fd 2013/01/14 v3.01 AMS symbols A
)
LaTeX Font Info:    Try loading font information for U+msb on input line 73.
 (c:/w32tex/share/texmf-dist/tex/latex/amsfonts/umsb.fd
File: umsb.fd 2013/01/14 v3.01 AMS symbols B
)
Underfull \hbox (badness 2608) in paragraph at lines 73--73
[][][]\OT1/ptm/m/n/8 The au-thors are with the Grad-u-ate School of En-gi-neer-ing Sci-
 []


Underfull \hbox (badness 2846) in paragraph at lines 73--73
\OT1/ptm/m/n/8 ence, Os-aka Uni-ver-sity, Toy-on-aka 560-8531, Japan (e-mail: r-oura,
 []

[1{c:/w32tex/share/texmf-dist/fonts/map/pdftex/updmap/pdftex.map}


] [2]
Underfull \hbox (badness 10000) in paragraph at lines 280--282
[]\OT1/ptm/m/n/10 Given an aug-mented tLDBA $[]$
 []


Underfull \hbox (badness 3439) in paragraph at lines 280--282
\OT1/ptm/m/n/10 and an MDP $\OML/cmm/m/it/10 M$\OT1/ptm/m/n/10 , a tu-ple $\OML/cmm/m/it/10 M \OMS/cmsy/m/n/10 
 [] \OT1/cmr/m/n/10 = \OML/cmm/m/it/10 M[] \OT1/cmr/m/n/10 =
 []


Underfull \hbox (badness 10000) in paragraph at lines 280--282
\OT1/cmr/m/n/10 (\OML/cmm/m/it/10 S[]; A[]; \OMS/cmsy/m/n/10 A[]\OML/cmm/m/it/10 ; s[]; P[]; ^^N[]; \OMS/cmsy/m/n/10 F[]\OT1/cmr/m/n/10 )$ \OT1/ptm/m/n/10 is a prod-uct MDP,
 []

[3]
Underfull \vbox (badness 5548) has occurred while \output is active []

 [4]
Underfull \hbox (badness 1418) in paragraph at lines 387--394
\OT1/ptm/m/n/10 for any $\OML/cmm/m/it/10 k \OMS/cmsy/m/n/10 2 \OT1/cmr/m/n/10 (0\OML/cmm/m/it/10 ; \OMS/cmsy/m/n/10 1\OT1/cmr/m/n/10 ]$\OT1/ptm/m/n/10 . There-fore, for any $[] \OMS/cmsy/m/n/10 2
 []

Package pdftex.def Info: Option `bb' equivalent to `viewport' with pdftex driver on input line 429.
<MDP_corridor.png, id=31, 377.91188pt x 290.58563pt>
File: MDP_corridor.png Graphic file (type png)
<use MDP_corridor.png>
Package pdftex.def Info: MDP_corridor.png  used on input line 429.
(pdftex.def)             Requested size: 170.71808pt x 113.8082pt.
Package pdftex.def Info: Option `bb' equivalent to `viewport' with pdftex driver on input line 439.
<ldgba_original.pdf, id=33, 247.93628pt x 80.40038pt>
File: ldgba_original.pdf Graphic file (type pdf)
<use ldgba_original.pdf>
Package pdftex.def Info: ldgba_original.pdf  used on input line 439.
(pdftex.def)             Requested size: 210.73882pt x 68.25548pt.
LaTeX Font Info:    Try loading font information for OMS+ptm on input line 440.
(c:/w32tex/share/texmf-dist/tex/latex/psnfss/omsptm.fd
File: omsptm.fd 
)
LaTeX Font Info:    Font shape `OMS/ptm/m/n' in size <8> not available
(Font)              Font shape `OMS/cmsy/m/n' tried instead on input line 440.
Package pdftex.def Info: Option `bb' equivalent to `viewport' with pdftex driver on input line 447.
<ldgba.pdf, id=34, 327.07195pt x 207.445pt>
File: ldgba.pdf Graphic file (type pdf)
<use ldgba.pdf>
Package pdftex.def Info: ldgba.pdf  used on input line 447.
(pdftex.def)             Requested size: 281.55186pt x 155.83218pt.

Overfull \hbox (35.83376pt too wide) in paragraph at lines 447--448
 [][] 
 []

LaTeX Font Info:    Font shape `OMS/ptm/m/n' in size <10> not available
(Font)              Font shape `OMS/cmsy/m/n' tried instead on input line 466.
[5 <./MDP_corridor.PNG> <./ldgba_original.pdf> <./ldgba.pdf>]
Package pdftex.def Info: Option `bb' equivalent to `viewport' with pdftex driver on input line 490.
<ep_1000_it_10000_MDP3_gamma_095_re2_ini22_nts_c095_20times.png, id=82, 462.528pt x 346.896pt>
File: ep_1000_it_10000_MDP3_gamma_095_re2_ini22_nts_c095_20times.png Graphic file (type png)
<use ep_1000_it_10000_MDP3_gamma_095_re2_ini22_nts_c095_20times.png>
Package pdftex.def Info: ep_1000_it_10000_MDP3_gamma_095_re2_ini22_nts_c095_20times.png  used on input line 490.
(pdftex.def)             Requested size: 130.88382pt x 108.11711pt.

Overfull \hbox (8.02477pt too wide) in paragraph at lines 490--491
 [][] 
 []

Package pdftex.def Info: Option `bb' equivalent to `viewport' with pdftex driver on input line 496.
<ep_1000_it_10000_MDP3_gamma_095_nts_c095_abate_20times.png, id=83, 462.528pt x 346.896pt>
File: ep_1000_it_10000_MDP3_gamma_095_nts_c095_abate_20times.png Graphic file (type png)
<use ep_1000_it_10000_MDP3_gamma_095_nts_c095_abate_20times.png>
Package pdftex.def Info: ep_1000_it_10000_MDP3_gamma_095_nts_c095_abate_20times.png  used on input line 496.
(pdftex.def)             Requested size: 130.88382pt x 108.11711pt.

Overfull \hbox (8.02477pt too wide) in paragraph at lines 496--497
 [][] 
 []


Overfull \hbox (15.50006pt too wide) in paragraph at lines 486--499
 [][] 
 []

Package pdftex.def Info: Option `bb' equivalent to `viewport' with pdftex driver on input line 508.
<proposed_policy.png, id=84, 342.5598pt x 257.2812pt>
File: proposed_policy.png Graphic file (type png)
<use proposed_policy.png>
Package pdftex.def Info: proposed_policy.png  used on input line 508.
(pdftex.def)             Requested size: 110.96274pt x 88.20451pt.
Package pdftex.def Info: Option `bb' equivalent to `viewport' with pdftex driver on input line 513.
<Abate_policy.png, id=85, 342.5598pt x 257.763pt>
File: Abate_policy.png Graphic file (type png)
<use Abate_policy.png>
Package pdftex.def Info: Abate_policy.png  used on input line 513.
(pdftex.def)             Requested size: 110.96274pt x 88.20268pt.

Overfull \hbox (15.00513pt too wide) in paragraph at lines 505--516
 [][] 
 []


** Conference Paper **
Before submitting the final camera ready copy, remember to:

 1. Manually equalize the lengths of two columns on the last page
 of your paper;

 2. Ensure that any PostScript and/or PDF output post-processing
 uses only Type 1 fonts and that every step in the generation
 process uses the US letter (8.5in X 11in) paper size.

[6 <./ep_1000_it_10000_MDP3_gamma_095_re2_ini22_nts_c095_20times.png> <./ep_1000_it_10000_MDP3_gamma_095_nts_c095_abate_20times.png> <./proposed_policy.png> <./Abate_policy.png>] (./main_ieee_all_revised.aux) ) 
Here is how much of TeX's memory you used:
 4888 strings out of 492609
 69176 string characters out of 6131386
 156048 words of memory out of 5000000
 8700 multiletter control sequences out of 15000+600000
 48973 words of font info for 104 fonts, out of 8000000 for 9000
 1141 hyphenation exceptions out of 8191
 41i,18n,32p,994b,372s stack positions out of 5000i,500n,10000p,500000b,80000s
{c:/w32tex/share/texmf-dist/fonts/enc/dvips/base/8r.enc}<c:/w32tex/share/texmf-dist/fonts/type1/public/amsfonts/cm/cmbx10.pfb><c:/w32tex/share/texmf-dist/fonts/type1/public/amsfonts/cm/cmex10.pfb><c:/w32tex/share/texmf-dist/fonts/type1/public/amsfonts/cm/cmmi10.pfb><c:/w32tex/share/texmf-dist/fonts/type1/public/amsfonts/cm/cmmi5.pfb><c:/w32tex/share/texmf-dist/fonts/type1/public/amsfonts/cm/cmmi6.pfb><c:/w32tex/share/texmf-dist/fonts/type1/public/amsfonts/cm/cmmi7.pfb><c:/w32tex/share/texmf-dist/fonts/type1/public/amsfonts/cm/cmmi8.pfb><c:/w32tex/share/texmf-dist/fonts/type1/public/amsfonts/cm/cmr10.pfb><c:/w32tex/share/texmf-dist/fonts/type1/public/amsfonts/cm/cmr5.pfb><c:/w32tex/share/texmf-dist/fonts/type1/public/amsfonts/cm/cmr6.pfb><c:/w32tex/share/texmf-dist/fonts/type1/pub
lic/amsfonts/cm/cmr7.pfb><c:/w32tex/share/texmf-dist/fonts/type1/public/amsfonts/cm/cmr8.pfb><c:/w32tex/share/texmf-dist/fonts/type1/public/amsfonts/cm/cmsy10.pfb><c:/w32tex/share/texmf-dist/fonts/type1/public/amsfonts/cm/cmsy5.pfb><c:/w32tex/share/texmf-dist/fonts/type1/public/amsfonts/cm/cmsy7.pfb><c:/w32tex/share/texmf-dist/fonts/type1/public/amsfonts/cm/cmsy8.pfb><c:/w32tex/share/texmf-dist/fonts/type1/public/amsfonts/symbols/msbm10.pfb><c:/w32tex/share/texmf-dist/fonts/type1/urw/times/utmb8a.pfb><c:/w32tex/share/texmf-dist/fonts/type1/urw/times/utmbi8a.pfb><c:/w32tex/share/texmf-dist/fonts/type1/urw/times/utmr8a.pfb><c:/w32tex/share/texmf-dist/fonts/type1/urw/times/utmri8a.pfb>
Output written on main_ieee_all_revised.pdf (6 pages, 333955 bytes).
PDF statistics:
 155 PDF objects out of 1000 (max. 8388607)
 110 compressed objects within 2 object streams
 0 named destinations out of 1000 (max. 500000)
 36 words of extra memory for PDF output out of 10000 (max. 10000000)

